pkg_config: checking for pkg-config for libffi... -------------------- ["-I/Library/Developer/CommandLineTools/SDKs/MacOSX11.sdk/usr/include/ffi ", "", "-lffi"]

DYLD_LIBRARY_PATH=.:/Users/yosefhamza/.local/share/mise/installs/ruby/3.3.10/lib pkg-config --exists libffi
DYLD_LIBRARY_PATH=.:/Users/yosefhamza/.local/share/mise/installs/ruby/3.3.10/lib pkg-config --libs libffi |
=> "-lffi\n"
DYLD_LIBRARY_PATH=.:/Users/yosefhamza/.local/share/mise/installs/ruby/3.3.10/lib "clang -o conftest -I/Users/yosefhamza/.local/share/mise/installs/ruby/3.3.10/include/ruby-3.3.0/arm64-darwin24 -I/Users/yosefhamza/.local/share/mise/installs/ruby/3.3.10/include/ruby-3.3.0/ruby/backward -I/Users/yosefhamza/.local/share/mise/installs/ruby/3.3.10/include/ruby-3.3.0 -I. -D_XOPEN_SOURCE -D_DARWIN_C_SOURCE -D_DARWIN_UNLIMITED_SELECT -D_REENTRANT   -fdeclspec -O3 -fno-fast-math -ggdb3 -Wall -Wextra -Wextra-tokens -Wdeprecated-declarations -Wdivision-by-zero -Wdiv-by-zero -Wimplicit-function-declaration -Wimplicit-int -Wpointer-arith -Wshorten-64-to-32 -Wwrite-strings -Wold-style-definition -Wmissing-noreturn -Wno-cast-function-type -Wno-constant-logical-operand -Wno-long-long -Wno-missing-field-initializers -Wno-overlength-strings -Wno-parentheses-equality -Wno-self-assign -Wno-tautological-compare -Wno-unused-parameter -Wno-unused-value -Wunused-variable -Wmisleading-indentation -Wundef -fno-common -pipe conftest.c  -L. -L/Users/yosefhamza/.local/share/mise/installs/ruby/3.3.10/lib -L. -fstack-protector-strong -L/opt/homebrew/opt/gmp/lib  -arch arm64   -lruby.3.3  -lpthread  "
checked program was:
/* begin */
1: #include "ruby.h"
2: 
3: int main(int argc, char **argv)
4: {
5:   return !!argv[argc];
6: }
/* end */

DYLD_LIBRARY_PATH=.:/Users/yosefhamza/.local/share/mise/installs/ruby/3.3.10/lib "clang -o conftest -I/Users/yosefhamza/.local/share/mise/installs/ruby/3.3.10/include/ruby-3.3.0/arm64-darwin24 -I/Users/yosefhamza/.local/share/mise/installs/ruby/3.3.10/include/ruby-3.3.0/ruby/backward -I/Users/yosefhamza/.local/share/mise/installs/ruby/3.3.10/include/ruby-3.3.0 -I. -D_XOPEN_SOURCE -D_DARWIN_C_SOURCE -D_DARWIN_UNLIMITED_SELECT -D_REENTRANT   -fdeclspec -O3 -fno-fast-math -ggdb3 -Wall -Wextra -Wextra-tokens -Wdeprecated-declarations -Wdivision-by-zero -Wdiv-by-zero -Wimplicit-function-declaration -Wimplicit-int -Wpointer-arith -Wshorten-64-to-32 -Wwrite-strings -Wold-style-definition -Wmissing-noreturn -Wno-cast-function-type -Wno-constant-logical-operand -Wno-long-long -Wno-missing-field-initializers -Wno-overlength-strings -Wno-parentheses-equality -Wno-self-assign -Wno-tautological-compare -Wno-unused-parameter -Wno-unused-value -Wunused-variable -Wmisleading-indentation -Wundef -fno-common -pipe conftest.c  -L. -L/Users/yosefhamza/.local/share/mise/installs/ruby/3.3.10/lib -L. -fstack-protector-strong -L/opt/homebrew/opt/gmp/lib  -arch arm64   -lruby.3.3 -lffi -lpthread  "
checked program was:
/* begin */
1: #include "ruby.h"
2: 
3: int main(int argc, char **argv)
4: {
5:   return !!argv[argc];
6: }
/* end */

DYLD_LIBRARY_PATH=.:/Users/yosefhamza/.local/share/mise/installs/ruby/3.3.10/lib pkg-config --cflags-only-I libffi |
=> "-I/Library/Developer/CommandLineTools/SDKs/MacOSX11.sdk/usr/include/ffi\n"
DYLD_LIBRARY_PATH=.:/Users/yosefhamza/.local/share/mise/installs/ruby/3.3.10/lib pkg-config --cflags-only-other libffi |
=> "\n"
DYLD_LIBRARY_PATH=.:/Users/yosefhamza/.local/share/mise/installs/ruby/3.3.10/lib pkg-config --libs-only-l libffi |
=> "-lffi\n"
package configuration for libffi
incflags: -I/Library/Developer/CommandLineTools/SDKs/MacOSX11.sdk/usr/include/ffi
cflags: 
ldflags: 
libs: -lffi

--------------------

have_library: checking for ffi_prep_closure_loc() in -lffi... -------------------- no

DYLD_LIBRARY_PATH=.:/Users/yosefhamza/.local/share/mise/installs/ruby/3.3.10/lib "clang -o conftest -I/Users/yosefhamza/.local/share/mise/installs/ruby/3.3.10/include/ruby-3.3.0/arm64-darwin24 -I/Users/yosefhamza/.local/share/mise/installs/ruby/3.3.10/include/ruby-3.3.0/ruby/backward -I/Users/yosefhamza/.local/share/mise/installs/ruby/3.3.10/include/ruby-3.3.0 -I. -I/Library/Developer/CommandLineTools/SDKs/MacOSX11.sdk/usr/include/ffi -D_XOPEN_SOURCE -D_DARWIN_C_SOURCE -D_DARWIN_UNLIMITED_SELECT -D_REENTRANT   -fdeclspec -O3 -fno-fast-math -ggdb3 -Wall -Wextra -Wextra-tokens -Wdeprecated-declarations -Wdivision-by-zero -Wdiv-by-zero -Wimplicit-function-declaration -Wimplicit-int -Wpointer-arith -Wshorten-64-to-32 -Wwrite-strings -Wold-style-definition -Wmissing-noreturn -Wno-cast-function-type -Wno-constant-logical-operand -Wno-long-long -Wno-missing-field-initializers -Wno-overlength-strings -Wno-parentheses-equality -Wno-self-assign -Wno-tautological-compare -Wno-unused-parameter -Wno-unused-value -Wunused-variable -Wmisleading-indentation -Wundef -fno-common -pipe  conftest.c  -L. -L/Users/yosefhamza/.local/share/mise/installs/ruby/3.3.10/lib -L. -fstack-protector-strong -L/opt/homebrew/opt/gmp/lib   -arch arm64   -lffi -lruby.3.3 -lffi  -lffi -lpthread  "
conftest.c:3:10: fatal error: 'ffi.h' file not found
    3 | #include <ffi.h>
      |          ^~~~~~~
1 error generated.
checked program was:
/* begin */
 1: #include "ruby.h"
 2: 
 3: #include <ffi.h>
 4: 
 5: /*top*/
 6: extern int t(void);
 7: int main(int argc, char **argv)
 8: {
 9:   if (argc > 1000000) {
10:     int (* volatile tp)(void)=(int (*)(void))&t;
11:     printf("%d", (*tp)());
12:   }
13: 
14:   return !!argv[argc];
15: }
16: int t(void) { void ((*volatile p)()); p = (void ((*)()))ffi_prep_closure_loc; return !p; }
/* end */

DYLD_LIBRARY_PATH=.:/Users/yosefhamza/.local/share/mise/installs/ruby/3.3.10/lib "clang -o conftest -I/Users/yosefhamza/.local/share/mise/installs/ruby/3.3.10/include/ruby-3.3.0/arm64-darwin24 -I/Users/yosefhamza/.local/share/mise/installs/ruby/3.3.10/include/ruby-3.3.0/ruby/backward -I/Users/yosefhamza/.local/share/mise/installs/ruby/3.3.10/include/ruby-3.3.0 -I. -I/Library/Developer/CommandLineTools/SDKs/MacOSX11.sdk/usr/include/ffi -D_XOPEN_SOURCE -D_DARWIN_C_SOURCE -D_DARWIN_UNLIMITED_SELECT -D_REENTRANT   -fdeclspec -O3 -fno-fast-math -ggdb3 -Wall -Wextra -Wextra-tokens -Wdeprecated-declarations -Wdivision-by-zero -Wdiv-by-zero -Wimplicit-function-declaration -Wimplicit-int -Wpointer-arith -Wshorten-64-to-32 -Wwrite-strings -Wold-style-definition -Wmissing-noreturn -Wno-cast-function-type -Wno-constant-logical-operand -Wno-long-long -Wno-missing-field-initializers -Wno-overlength-strings -Wno-parentheses-equality -Wno-self-assign -Wno-tautological-compare -Wno-unused-parameter -Wno-unused-value -Wunused-variable -Wmisleading-indentation -Wundef -fno-common -pipe  conftest.c  -L. -L/Users/yosefhamza/.local/share/mise/installs/ruby/3.3.10/lib -L. -fstack-protector-strong -L/opt/homebrew/opt/gmp/lib   -arch arm64   -lffi -lruby.3.3 -lffi  -lffi -lpthread  "
conftest.c:3:10: fatal error: 'ffi.h' file not found
    3 | #include <ffi.h>
      |          ^~~~~~~
1 error generated.
checked program was:
/* begin */
 1: #include "ruby.h"
 2: 
 3: #include <ffi.h>
 4: 
 5: /*top*/
 6: extern int t(void);
 7: int main(int argc, char **argv)
 8: {
 9:   if (argc > 1000000) {
10:     int (* volatile tp)(void)=(int (*)(void))&t;
11:     printf("%d", (*tp)());
12:   }
13: 
14:   return !!argv[argc];
15: }
16: extern void ffi_prep_closure_loc();
17: int t(void) { ffi_prep_closure_loc(); return 0; }
/* end */

--------------------

have_library: checking for ffi_prep_closure_loc() in -llibffi... -------------------- no

DYLD_LIBRARY_PATH=.:/Users/yosefhamza/.local/share/mise/installs/ruby/3.3.10/lib "clang -o conftest -I/Users/yosefhamza/.local/share/mise/installs/ruby/3.3.10/include/ruby-3.3.0/arm64-darwin24 -I/Users/yosefhamza/.local/share/mise/installs/ruby/3.3.10/include/ruby-3.3.0/ruby/backward -I/Users/yosefhamza/.local/share/mise/installs/ruby/3.3.10/include/ruby-3.3.0 -I. -I/Library/Developer/CommandLineTools/SDKs/MacOSX11.sdk/usr/include/ffi -D_XOPEN_SOURCE -D_DARWIN_C_SOURCE -D_DARWIN_UNLIMITED_SELECT -D_REENTRANT   -fdeclspec -O3 -fno-fast-math -ggdb3 -Wall -Wextra -Wextra-tokens -Wdeprecated-declarations -Wdivision-by-zero -Wdiv-by-zero -Wimplicit-function-declaration -Wimplicit-int -Wpointer-arith -Wshorten-64-to-32 -Wwrite-strings -Wold-style-definition -Wmissing-noreturn -Wno-cast-function-type -Wno-constant-logical-operand -Wno-long-long -Wno-missing-field-initializers -Wno-overlength-strings -Wno-parentheses-equality -Wno-self-assign -Wno-tautological-compare -Wno-unused-parameter -Wno-unused-value -Wunused-variable -Wmisleading-indentation -Wundef -fno-common -pipe  conftest.c  -L. -L/Users/yosefhamza/.local/share/mise/installs/ruby/3.3.10/lib -L. -fstack-protector-strong -L/opt/homebrew/opt/gmp/lib   -arch arm64   -lffi -lruby.3.3 -llibffi  -lffi -lpthread  "
conftest.c:3:10: fatal error: 'ffi.h' file not found
    3 | #include <ffi.h>
      |          ^~~~~~~
1 error generated.
checked program was:
/* begin */
 1: #include "ruby.h"
 2: 
 3: #include <ffi.h>
 4: 
 5: /*top*/
 6: extern int t(void);
 7: int main(int argc, char **argv)
 8: {
 9:   if (argc > 1000000) {
10:     int (* volatile tp)(void)=(int (*)(void))&t;
11:     printf("%d", (*tp)());
12:   }
13: 
14:   return !!argv[argc];
15: }
16: int t(void) { void ((*volatile p)()); p = (void ((*)()))ffi_prep_closure_loc; return !p; }
/* end */

DYLD_LIBRARY_PATH=.:/Users/yosefhamza/.local/share/mise/installs/ruby/3.3.10/lib "clang -o conftest -I/Users/yosefhamza/.local/share/mise/installs/ruby/3.3.10/include/ruby-3.3.0/arm64-darwin24 -I/Users/yosefhamza/.local/share/mise/installs/ruby/3.3.10/include/ruby-3.3.0/ruby/backward -I/Users/yosefhamza/.local/share/mise/installs/ruby/3.3.10/include/ruby-3.3.0 -I. -I/Library/Developer/CommandLineTools/SDKs/MacOSX11.sdk/usr/include/ffi -D_XOPEN_SOURCE -D_DARWIN_C_SOURCE -D_DARWIN_UNLIMITED_SELECT -D_REENTRANT   -fdeclspec -O3 -fno-fast-math -ggdb3 -Wall -Wextra -Wextra-tokens -Wdeprecated-declarations -Wdivision-by-zero -Wdiv-by-zero -Wimplicit-function-declaration -Wimplicit-int -Wpointer-arith -Wshorten-64-to-32 -Wwrite-strings -Wold-style-definition -Wmissing-noreturn -Wno-cast-function-type -Wno-constant-logical-operand -Wno-long-long -Wno-missing-field-initializers -Wno-overlength-strings -Wno-parentheses-equality -Wno-self-assign -Wno-tautological-compare -Wno-unused-parameter -Wno-unused-value -Wunused-variable -Wmisleading-indentation -Wundef -fno-common -pipe  conftest.c  -L. -L/Users/yosefhamza/.local/share/mise/installs/ruby/3.3.10/lib -L. -fstack-protector-strong -L/opt/homebrew/opt/gmp/lib   -arch arm64   -lffi -lruby.3.3 -llibffi  -lffi -lpthread  "
conftest.c:3:10: fatal error: 'ffi.h' file not found
    3 | #include <ffi.h>
      |          ^~~~~~~
1 error generated.
checked program was:
/* begin */
 1: #include "ruby.h"
 2: 
 3: #include <ffi.h>
 4: 
 5: /*top*/
 6: extern int t(void);
 7: int main(int argc, char **argv)
 8: {
 9:   if (argc > 1000000) {
10:     int (* volatile tp)(void)=(int (*)(void))&t;
11:     printf("%d", (*tp)());
12:   }
13: 
14:   return !!argv[argc];
15: }
16: extern void ffi_prep_closure_loc();
17: int t(void) { ffi_prep_closure_loc(); return 0; }
/* end */

--------------------

have_library: checking for ffi_prep_closure_loc() in -llibffi-8... -------------------- no

DYLD_LIBRARY_PATH=.:/Users/yosefhamza/.local/share/mise/installs/ruby/3.3.10/lib "clang -o conftest -I/Users/yosefhamza/.local/share/mise/installs/ruby/3.3.10/include/ruby-3.3.0/arm64-darwin24 -I/Users/yosefhamza/.local/share/mise/installs/ruby/3.3.10/include/ruby-3.3.0/ruby/backward -I/Users/yosefhamza/.local/share/mise/installs/ruby/3.3.10/include/ruby-3.3.0 -I. -I/Library/Developer/CommandLineTools/SDKs/MacOSX11.sdk/usr/include/ffi -D_XOPEN_SOURCE -D_DARWIN_C_SOURCE -D_DARWIN_UNLIMITED_SELECT -D_REENTRANT   -fdeclspec -O3 -fno-fast-math -ggdb3 -Wall -Wextra -Wextra-tokens -Wdeprecated-declarations -Wdivision-by-zero -Wdiv-by-zero -Wimplicit-function-declaration -Wimplicit-int -Wpointer-arith -Wshorten-64-to-32 -Wwrite-strings -Wold-style-definition -Wmissing-noreturn -Wno-cast-function-type -Wno-constant-logical-operand -Wno-long-long -Wno-missing-field-initializers -Wno-overlength-strings -Wno-parentheses-equality -Wno-self-assign -Wno-tautological-compare -Wno-unused-parameter -Wno-unused-value -Wunused-variable -Wmisleading-indentation -Wundef -fno-common -pipe  conftest.c  -L. -L/Users/yosefhamza/.local/share/mise/installs/ruby/3.3.10/lib -L. -fstack-protector-strong -L/opt/homebrew/opt/gmp/lib   -arch arm64   -lffi -lruby.3.3 -llibffi-8  -lffi -lpthread  "
conftest.c:3:10: fatal error: 'ffi.h' file not found
    3 | #include <ffi.h>
      |          ^~~~~~~
1 error generated.
checked program was:
/* begin */
 1: #include "ruby.h"
 2: 
 3: #include <ffi.h>
 4: 
 5: /*top*/
 6: extern int t(void);
 7: int main(int argc, char **argv)
 8: {
 9:   if (argc > 1000000) {
10:     int (* volatile tp)(void)=(int (*)(void))&t;
11:     printf("%d", (*tp)());
12:   }
13: 
14:   return !!argv[argc];
15: }
16: int t(void) { void ((*volatile p)()); p = (void ((*)()))ffi_prep_closure_loc; return !p; }
/* end */

DYLD_LIBRARY_PATH=.:/Users/yosefhamza/.local/share/mise/installs/ruby/3.3.10/lib "clang -o conftest -I/Users/yosefhamza/.local/share/mise/installs/ruby/3.3.10/include/ruby-3.3.0/arm64-darwin24 -I/Users/yosefhamza/.local/share/mise/installs/ruby/3.3.10/include/ruby-3.3.0/ruby/backward -I/Users/yosefhamza/.local/share/mise/installs/ruby/3.3.10/include/ruby-3.3.0 -I. -I/Library/Developer/CommandLineTools/SDKs/MacOSX11.sdk/usr/include/ffi -D_XOPEN_SOURCE -D_DARWIN_C_SOURCE -D_DARWIN_UNLIMITED_SELECT -D_REENTRANT   -fdeclspec -O3 -fno-fast-math -ggdb3 -Wall -Wextra -Wextra-tokens -Wdeprecated-declarations -Wdivision-by-zero -Wdiv-by-zero -Wimplicit-function-declaration -Wimplicit-int -Wpointer-arith -Wshorten-64-to-32 -Wwrite-strings -Wold-style-definition -Wmissing-noreturn -Wno-cast-function-type -Wno-constant-logical-operand -Wno-long-long -Wno-missing-field-initializers -Wno-overlength-strings -Wno-parentheses-equality -Wno-self-assign -Wno-tautological-compare -Wno-unused-parameter -Wno-unused-value -Wunused-variable -Wmisleading-indentation -Wundef -fno-common -pipe  conftest.c  -L. -L/Users/yosefhamza/.local/share/mise/installs/ruby/3.3.10/lib -L. -fstack-protector-strong -L/opt/homebrew/opt/gmp/lib   -arch arm64   -lffi -lruby.3.3 -llibffi-8  -lffi -lpthread  "
conftest.c:3:10: fatal error: 'ffi.h' file not found
    3 | #include <ffi.h>
      |          ^~~~~~~
1 error generated.
checked program was:
/* begin */
 1: #include "ruby.h"
 2: 
 3: #include <ffi.h>
 4: 
 5: /*top*/
 6: extern int t(void);
 7: int main(int argc, char **argv)
 8: {
 9:   if (argc > 1000000) {
10:     int (* volatile tp)(void)=(int (*)(void))&t;
11:     printf("%d", (*tp)());
12:   }
13: 
14:   return !!argv[argc];
15: }
16: extern void ffi_prep_closure_loc();
17: int t(void) { ffi_prep_closure_loc(); return 0; }
/* end */

--------------------

append_ldflags: checking for whether -Wl,--exclude-libs,ALL is accepted as LDFLAGS... -------------------- no

DYLD_LIBRARY_PATH=.:/Users/yosefhamza/.local/share/mise/installs/ruby/3.3.10/lib "clang -o conftest -I/Users/yosefhamza/.local/share/mise/installs/ruby/3.3.10/include/ruby-3.3.0/arm64-darwin24 -I/Users/yosefhamza/.local/share/mise/installs/ruby/3.3.10/include/ruby-3.3.0/ruby/backward -I/Users/yosefhamza/.local/share/mise/installs/ruby/3.3.10/include/ruby-3.3.0 -I. -I/Library/Developer/CommandLineTools/SDKs/MacOSX11.sdk/usr/include/ffi -D_XOPEN_SOURCE -D_DARWIN_C_SOURCE -D_DARWIN_UNLIMITED_SELECT -D_REENTRANT   -fdeclspec -O3 -fno-fast-math -ggdb3 -Wall -Wextra -Wextra-tokens -Wdeprecated-declarations -Wdivision-by-zero -Wdiv-by-zero -Wimplicit-function-declaration -Wimplicit-int -Wpointer-arith -Wshorten-64-to-32 -Wwrite-strings -Wold-style-definition -Wmissing-noreturn -Wno-cast-function-type -Wno-constant-logical-operand -Wno-long-long -Wno-missing-field-initializers -Wno-overlength-strings -Wno-parentheses-equality -Wno-self-assign -Wno-tautological-compare -Wno-unused-parameter -Wno-unused-value -Wunused-variable -Wmisleading-indentation -Wundef -fno-common -pipe  conftest.c  -L. -L/Users/yosefhamza/.local/share/mise/installs/ruby/3.3.10/lib -L. -fstack-protector-strong -L/opt/homebrew/opt/gmp/lib   -arch arm64   -lffi -lruby.3.3 -Wl,--exclude-libs,ALL -lpthread  "
ld: unknown options: --exclude-libs 
clang: error: linker command failed with exit code 1 (use -v to see invocation)
checked program was:
/* begin */
1: #include "ruby.h"
2: 
3: int main(int argc, char **argv)
4: {
5:   return !!argv[argc];
6: }
/* end */

--------------------

have_func: checking for rb_gc_mark_movable()... -------------------- yes

DYLD_LIBRARY_PATH=.:/Users/yosefhamza/.local/share/mise/installs/ruby/3.3.10/lib "clang -o conftest -I/Users/yosefhamza/.local/share/mise/installs/ruby/3.3.10/include/ruby-3.3.0/arm64-darwin24 -I/Users/yosefhamza/.local/share/mise/installs/ruby/3.3.10/include/ruby-3.3.0/ruby/backward -I/Users/yosefhamza/.local/share/mise/installs/ruby/3.3.10/include/ruby-3.3.0 -I. -I/Library/Developer/CommandLineTools/SDKs/MacOSX11.sdk/usr/include/ffi -D_XOPEN_SOURCE -D_DARWIN_C_SOURCE -D_DARWIN_UNLIMITED_SELECT -D_REENTRANT   -fdeclspec -O3 -fno-fast-math -ggdb3 -Wall -Wextra -Wextra-tokens -Wdeprecated-declarations -Wdivision-by-zero -Wdiv-by-zero -Wimplicit-function-declaration -Wimplicit-int -Wpointer-arith -Wshorten-64-to-32 -Wwrite-strings -Wold-style-definition -Wmissing-noreturn -Wno-cast-function-type -Wno-constant-logical-operand -Wno-long-long -Wno-missing-field-initializers -Wno-overlength-strings -Wno-parentheses-equality -Wno-self-assign -Wno-tautological-compare -Wno-unused-parameter -Wno-unused-value -Wunused-variable -Wmisleading-indentation -Wundef -fno-common -pipe  conftest.c  -L. -L/Users/yosefhamza/.local/share/mise/installs/ruby/3.3.10/lib -L. -fstack-protector-strong -L/opt/homebrew/opt/gmp/lib   -arch arm64   -lffi -lruby.3.3  -lffi -lpthread  "
ld: warning: ignoring duplicate libraries: '-lffi'
checked program was:
/* begin */
 1: #include "ruby.h"
 2: 
 3: /*top*/
 4: extern int t(void);
 5: int main(int argc, char **argv)
 6: {
 7:   if (argc > 1000000) {
 8:     int (* volatile tp)(void)=(int (*)(void))&t;
 9:     printf("%d", (*tp)());
10:   }
11: 
12:   return !!argv[argc];
13: }
14: int t(void) { void ((*volatile p)()); p = (void ((*)()))rb_gc_mark_movable; return !p; }
/* end */

--------------------

append_ldflags: checking for whether -pthread is accepted as LDFLAGS... -------------------- yes

DYLD_LIBRARY_PATH=.:/Users/yosefhamza/.local/share/mise/installs/ruby/3.3.10/lib "clang -o conftest -I/Users/yosefhamza/.local/share/mise/installs/ruby/3.3.10/include/ruby-3.3.0/arm64-darwin24 -I/Users/yosefhamza/.local/share/mise/installs/ruby/3.3.10/include/ruby-3.3.0/ruby/backward -I/Users/yosefhamza/.local/share/mise/installs/ruby/3.3.10/include/ruby-3.3.0 -I. -I/Library/Developer/CommandLineTools/SDKs/MacOSX11.sdk/usr/include/ffi -D_XOPEN_SOURCE -D_DARWIN_C_SOURCE -D_DARWIN_UNLIMITED_SELECT -D_REENTRANT   -fdeclspec -O3 -fno-fast-math -ggdb3 -Wall -Wextra -Wextra-tokens -Wdeprecated-declarations -Wdivision-by-zero -Wdiv-by-zero -Wimplicit-function-declaration -Wimplicit-int -Wpointer-arith -Wshorten-64-to-32 -Wwrite-strings -Wold-style-definition -Wmissing-noreturn -Wno-cast-function-type -Wno-constant-logical-operand -Wno-long-long -Wno-missing-field-initializers -Wno-overlength-strings -Wno-parentheses-equality -Wno-self-assign -Wno-tautological-compare -Wno-unused-parameter -Wno-unused-value -Wunused-variable -Wmisleading-indentation -Wundef -fno-common -pipe  conftest.c  -L. -L/Users/yosefhamza/.local/share/mise/installs/ruby/3.3.10/lib -L. -fstack-protector-strong -L/opt/homebrew/opt/gmp/lib   -arch arm64   -lffi -lruby.3.3 -pthread -lpthread  "
checked program was:
/* begin */
1: #include "ruby.h"
2: 
3: int main(int argc, char **argv)
4: {
5:   return !!argv[argc];
6: }
/* end */

--------------------

extconf.h is:
/* begin */
1: #ifndef EXTCONF_H
2: #define EXTCONF_H
3: #define HAVE_FFI_PREP_CIF_VAR 1
4: #define USE_INTERNAL_LIBFFI 1
5: #define HAVE_RB_GC_MARK_MOVABLE 1
6: #define USE_FFI_ALLOC 1
7: #endif
/* end */

