This file contains any messages produced by compilers while
running configure, to aid debugging if configure makes a mistake.

It was created by libffi configure 3.5.2, which was
generated by GNU Autoconf 2.71.  Invocation command line was

  $ /Users/yosefhamza/Repos/codetime/codetime-server/vendor/bundle/ruby/3.3.0/gems/ffi-1.17.3/ext/ffi_c/libffi/configure --disable-shared --enable-static --with-pic=yes --disable-dependency-tracking --disable-docs --host=aarch64-apple-darwin24 --disable-shared --enable-static

## --------- ##
## Platform. ##
## --------- ##

hostname = Yousefs-Instabug-MBA.local
uname -m = arm64
uname -r = 24.6.0
uname -s = Darwin
uname -v = Darwin Kernel Version 24.6.0: Mon Jul 14 11:30:34 PDT 2025; root:xnu-11417.140.69~1/RELEASE_ARM64_T8103

/usr/bin/uname -p = arm
/bin/uname -X     = unknown

/bin/arch              = unknown
/usr/bin/arch -k       = unknown
/usr/convex/getsysinfo = unknown
/usr/bin/hostinfo      = Mach kernel version:
	 Darwin Kernel Version 24.6.0: Mon Jul 14 11:30:34 PDT 2025; root:xnu-11417.140.69~1/RELEASE_ARM64_T8103
Kernel configured for up to 8 processors.
8 processors are physically available.
8 processors are logically available.
Processor type: arm64e (ARM64E)
Processors active: 0 1 2 3 4 5 6 7
Primary memory available: 16.00 gigabytes
Default processor set: 801 tasks, 4911 threads, 8 processors
Load average: 20.23, Mach factor: 0.40
/bin/machine           = unknown
/usr/bin/oslevel       = unknown
/bin/universe          = unknown

PATH: /Users/yosefhamza/.local/share/mise/installs/ruby/3.3.10/bin/
PATH: /Users/yosefhamza/.local/bin/
PATH: /Users/yosefhamza/.local/share/zinit/polaris/bin/
PATH: /Users/yosefhamza/.bun/bin/
PATH: /opt/homebrew/opt/postgresql@15/bin/
PATH: /Users/yosefhamza/.nvm/versions/node/v20.3.1/bin/
PATH: /Users/yosefhamza/.nix-profile/bin/
PATH: /nix/var/nix/profiles/default/bin/
PATH: /opt/homebrew/bin/
PATH: /opt/homebrew/sbin/
PATH: /usr/local/bin/
PATH: /usr/bin/
PATH: /bin/
PATH: /usr/sbin/
PATH: /sbin/
PATH: /Users/yosefhamza/sqlite-tools-osx-x86-3380100/
PATH: /var/run/com.apple.security.cryptexd/codex.system/bootstrap/usr/local/bin/
PATH: /var/run/com.apple.security.cryptexd/codex.system/bootstrap/usr/bin/
PATH: /var/run/com.apple.security.cryptexd/codex.system/bootstrap/usr/appleinternal/bin/
PATH: /Library/Apple/usr/bin/
PATH: /usr/local/MacGPG2/bin/
PATH: /Applications/Ghostty.app/Contents/MacOS/
PATH: /Users/yosefhamza/flutter/bin/
PATH: /Users/yosefhamza/.pub-cache/bin/


## ----------- ##
## Core tests. ##
## ----------- ##

configure:3023: looking for aux files: ltmain.sh compile missing install-sh config.guess config.sub
configure:3036:  trying /Users/yosefhamza/Repos/codetime/codetime-server/vendor/bundle/ruby/3.3.0/gems/ffi-1.17.3/ext/ffi_c/libffi/
configure:3065:   /Users/yosefhamza/Repos/codetime/codetime-server/vendor/bundle/ruby/3.3.0/gems/ffi-1.17.3/ext/ffi_c/libffi/ltmain.sh found
configure:3065:   /Users/yosefhamza/Repos/codetime/codetime-server/vendor/bundle/ruby/3.3.0/gems/ffi-1.17.3/ext/ffi_c/libffi/compile found
configure:3065:   /Users/yosefhamza/Repos/codetime/codetime-server/vendor/bundle/ruby/3.3.0/gems/ffi-1.17.3/ext/ffi_c/libffi/missing found
configure:3047:   /Users/yosefhamza/Repos/codetime/codetime-server/vendor/bundle/ruby/3.3.0/gems/ffi-1.17.3/ext/ffi_c/libffi/install-sh found
configure:3065:   /Users/yosefhamza/Repos/codetime/codetime-server/vendor/bundle/ruby/3.3.0/gems/ffi-1.17.3/ext/ffi_c/libffi/config.guess found
configure:3065:   /Users/yosefhamza/Repos/codetime/codetime-server/vendor/bundle/ruby/3.3.0/gems/ffi-1.17.3/ext/ffi_c/libffi/config.sub found
configure:3191: checking build system type
configure:3206: result: aarch64-apple-darwin24.6.0
configure:3226: checking host system type
configure:3240: result: aarch64-apple-darwin24
configure:3260: checking target system type
configure:3274: result: aarch64-apple-darwin24
configure:3372: checking for gsed
configure:3408: result: sed
configure:3437: checking for a BSD-compatible install
configure:3510: result: /usr/bin/install -c
configure:3521: checking whether build environment is sane
configure:3576: result: yes
configure:3628: checking for aarch64-apple-darwin24-strip
configure:3663: result: no
configure:3673: checking for strip
configure:3694: found /usr/bin/strip
configure:3705: result: strip
configure:3731: checking for a race-free mkdir -p
configure:3775: result: /Users/yosefhamza/Repos/codetime/codetime-server/vendor/bundle/ruby/3.3.0/gems/ffi-1.17.3/ext/ffi_c/libffi/install-sh -c -d
configure:3782: checking for gawk
configure:3817: result: no
configure:3782: checking for mawk
configure:3817: result: no
configure:3782: checking for nawk
configure:3817: result: no
configure:3782: checking for awk
configure:3803: found /usr/bin/awk
configure:3814: result: awk
configure:3825: checking whether make sets $(MAKE)
configure:3848: result: yes
configure:3878: checking whether make supports nested variables
configure:3896: result: yes
configure:4060: checking for aarch64-apple-darwin24-gcc
configure:4092: result: clang
configure:4490: checking for C compiler version
configure:4499: clang --version >&5
Apple clang version 17.0.0 (clang-1700.0.13.5)
Target: arm64-apple-darwin24.6.0
Thread model: posix
InstalledDir: /Applications/Xcode.app/Contents/Developer/Toolchains/XcodeDefault.xctoolchain/usr/bin
configure:4510: $? = 0
configure:4499: clang -v >&5
Apple clang version 17.0.0 (clang-1700.0.13.5)
Target: arm64-apple-darwin24.6.0
Thread model: posix
InstalledDir: /Applications/Xcode.app/Contents/Developer/Toolchains/XcodeDefault.xctoolchain/usr/bin
configure:4510: $? = 0
configure:4499: clang -V >&5
clang: error: argument to '-V' is missing (expected 1 value)
clang: error: no input files
configure:4510: $? = 1
configure:4499: clang -qversion >&5
clang: error: unknown argument '-qversion'; did you mean '--version'?
clang: error: no input files
configure:4510: $? = 1
configure:4499: clang -version >&5
clang: error: unknown argument '-version'; did you mean '--version'?
clang: error: no input files
configure:4510: $? = 1
configure:4530: checking whether the C compiler works
configure:4552: clang    conftest.c  >&5
configure:4556: $? = 0
configure:4606: result: yes
configure:4609: checking for C compiler default output file name
configure:4611: result: a.out
configure:4617: checking for suffix of executables
configure:4624: clang -o conftest    conftest.c  >&5
configure:4628: $? = 0
configure:4651: result: 
configure:4673: checking whether we are cross compiling
configure:4681: clang -o conftest    conftest.c  >&5
configure:4685: $? = 0
configure:4692: ./conftest
configure:4696: $? = 0
configure:4711: result: no
configure:4716: checking for suffix of object files
configure:4739: clang -c   conftest.c >&5
configure:4743: $? = 0
configure:4765: result: o
configure:4769: checking whether the compiler supports GNU C
configure:4789: clang -c   conftest.c >&5
configure:4789: $? = 0
configure:4799: result: yes
configure:4810: checking whether clang accepts -g
configure:4831: clang -c -g  conftest.c >&5
configure:4831: $? = 0
configure:4875: result: yes
configure:4895: checking for clang option to enable C11 features
configure:4910: clang  -c   conftest.c >&5
conftest.c:25:14: warning: a function definition without a prototype is deprecated in all versions of C and is not supported in C23 [-Wdeprecated-non-prototype]
   25 | static char *e (p, i)
      |              ^
1 warning generated.
configure:4910: $? = 0
configure:4928: result: none needed
configure:5044: checking whether clang understands -c and -o together
configure:5067: clang -c conftest.c -o conftest2.o
configure:5070: $? = 0
configure:5067: clang -c conftest.c -o conftest2.o
configure:5070: $? = 0
configure:5082: result: yes
configure:5102: checking whether make supports the include directive
configure:5117: make -f confmf.GNU && cat confinc.out
this is the am__doit target
configure:5120: $? = 0
configure:5139: result: yes (GNU style)
configure:5165: checking dependency style of clang
configure:5277: result: none
configure:5312: checking for aarch64-apple-darwin24-g++
configure:5347: result: no
configure:5312: checking for aarch64-apple-darwin24-c++
configure:5347: result: no
configure:5312: checking for aarch64-apple-darwin24-gpp
configure:5347: result: no
configure:5312: checking for aarch64-apple-darwin24-aCC
configure:5347: result: no
configure:5312: checking for aarch64-apple-darwin24-CC
configure:5347: result: no
configure:5312: checking for aarch64-apple-darwin24-cxx
configure:5347: result: no
configure:5312: checking for aarch64-apple-darwin24-cc++
configure:5347: result: no
configure:5312: checking for aarch64-apple-darwin24-cl.exe
configure:5347: result: no
configure:5312: checking for aarch64-apple-darwin24-FCC
configure:5347: result: no
configure:5312: checking for aarch64-apple-darwin24-KCC
configure:5347: result: no
configure:5312: checking for aarch64-apple-darwin24-RCC
configure:5347: result: no
configure:5312: checking for aarch64-apple-darwin24-xlC_r
configure:5347: result: no
configure:5312: checking for aarch64-apple-darwin24-xlC
configure:5347: result: no
configure:5312: checking for aarch64-apple-darwin24-clang++
configure:5347: result: no
configure:5361: checking for g++
configure:5382: found /usr/bin/g++
configure:5393: result: g++
configure:5420: checking for C++ compiler version
configure:5429: g++ --version >&5
Apple clang version 17.0.0 (clang-1700.0.13.5)
Target: arm64-apple-darwin24.6.0
Thread model: posix
InstalledDir: /Applications/Xcode.app/Contents/Developer/Toolchains/XcodeDefault.xctoolchain/usr/bin
configure:5440: $? = 0
configure:5429: g++ -v >&5
Apple clang version 17.0.0 (clang-1700.0.13.5)
Target: arm64-apple-darwin24.6.0
Thread model: posix
InstalledDir: /Applications/Xcode.app/Contents/Developer/Toolchains/XcodeDefault.xctoolchain/usr/bin
configure:5440: $? = 0
configure:5429: g++ -V >&5
clang++: error: argument to '-V' is missing (expected 1 value)
clang++: error: no input files
configure:5440: $? = 1
configure:5429: g++ -qversion >&5
clang++: error: unknown argument '-qversion'; did you mean '--version'?
clang++: error: no input files
configure:5440: $? = 1
configure:5444: checking whether the compiler supports GNU C++
configure:5464: g++ -c   conftest.cpp >&5
configure:5464: $? = 0
configure:5474: result: yes
configure:5485: checking whether g++ accepts -g
configure:5506: g++ -c -g  conftest.cpp >&5
configure:5506: $? = 0
configure:5550: result: yes
configure:5570: checking for g++ option to enable C++11 features
configure:5585: g++  -c -g -O2  conftest.cpp >&5
conftest.cpp:177:25: warning: empty parentheses interpreted as a function declaration [-Wvexing-parse]
  177 |   cxx11test::delegate d2();
      |                         ^~
conftest.cpp:177:25: note: remove parentheses to declare a variable
  177 |   cxx11test::delegate d2();
      |                         ^~
1 warning generated.
configure:5585: $? = 0
configure:5603: result: none needed
configure:5669: checking dependency style of g++
configure:5781: result: none
configure:5811: checking dependency style of clang
configure:5921: result: none
configure:5937: checking for grep that handles long lines and -e
configure:6001: result: /usr/bin/grep
configure:6006: checking for egrep
configure:6074: result: /usr/bin/grep -E
configure:6126: checking how to print strings
configure:6153: result: printf
configure:6174: checking for a sed that does not truncate output
configure:6244: result: /usr/bin/sed
configure:6262: checking for fgrep
configure:6330: result: /usr/bin/grep -F
configure:6366: checking for ld used by clang
configure:6434: result: ld
configure:6441: checking if the linker (ld) is GNU ld
configure:6457: result: no
configure:6469: checking for BSD- or MS-compatible name lister (nm)
configure:6524: result: no
configure:6538: checking for aarch64-apple-darwin24-dumpbin
configure:6573: result: no
configure:6538: checking for aarch64-apple-darwin24-link
configure:6573: result: no
configure:6587: checking for dumpbin
configure:6622: result: no
configure:6587: checking for link
configure:6608: found /bin/link
configure:6619: result: link -dump
configure:6664: checking the name lister (nm) interface
configure:6672: clang -c   conftest.c >&5
configure:6675: nm "conftest.o"
configure:6678: output
0000000000000000 S _some_variable
0000000000000000 t ltmp0
0000000000000000 s ltmp1
configure:6685: result: BSD nm
configure:6688: checking whether ln -s works
configure:6692: result: yes
configure:6700: checking the maximum length of command line arguments
configure:6832: result: 786432
configure:6880: checking how to convert aarch64-apple-darwin24.6.0 file names to aarch64-apple-darwin24 format
configure:6921: result: func_convert_file_noop
configure:6928: checking how to convert aarch64-apple-darwin24.6.0 file names to toolchain format
configure:6949: result: func_convert_file_noop
configure:6956: checking for ld option to reload object files
configure:6964: result: -r
configure:6998: checking for aarch64-apple-darwin24-file
configure:7033: result: no
configure:7043: checking for file
configure:7064: found /usr/bin/file
configure:7075: result: file
configure:7106: checking for aarch64-apple-darwin24-objdump
configure:7141: result: no
configure:7151: checking for objdump
configure:7172: found /usr/bin/objdump
configure:7183: result: objdump
configure:7215: checking how to recognize dependent libraries
configure:7416: result: pass_all
configure:7461: checking for aarch64-apple-darwin24-dlltool
configure:7496: result: no
configure:7506: checking for dlltool
configure:7541: result: no
configure:7571: checking how to associate runtime and link libraries
configure:7599: result: printf %s\n
configure:7616: checking for aarch64-apple-darwin24-ar
configure:7651: result: no
configure:7665: checking for ar
configure:7686: found /usr/bin/ar
configure:7697: result: ar
configure:7750: checking for archiver @FILE support
configure:7768: clang -c   conftest.c >&5
configure:7768: $? = 0
configure:7772: ar cr libconftest.a @conftest.lst >&5
ar: @conftest.lst: No such file or directory
configure:7775: $? = 1
configure:7795: result: no
configure:7813: checking for aarch64-apple-darwin24-strip
configure:7845: result: strip
configure:7922: checking for aarch64-apple-darwin24-ranlib
configure:7957: result: no
configure:7967: checking for ranlib
configure:7988: found /usr/bin/ranlib
configure:7999: result: ranlib
configure:8101: checking command to parse nm output from clang object
configure:8255: clang -c   conftest.c >&5
configure:8258: $? = 0
configure:8262: nm conftest.o | /usr/bin/sed -n -e 's/^.*[	 ]\([ABCDGIRSTW][ABCDGIRSTW]*\)[	 ][	 ]*\([_A-Za-z][_A-Za-z0-9]*\)$/\1 \2 \2/p' | /usr/bin/sed '/ __gnu_lto/d' > conftest.nm
cannot find nm_test_var in conftest.nm
configure:8255: clang -c   conftest.c >&5
configure:8258: $? = 0
configure:8262: nm conftest.o | /usr/bin/sed -n -e 's/^.*[	 ]\([ABCDGIRSTW][ABCDGIRSTW]*\)[	 ][	 ]*_\([_A-Za-z][_A-Za-z0-9]*\)$/\1 _\2 \2/p' | /usr/bin/sed '/ __gnu_lto/d' > conftest.nm
configure:8328: clang -o conftest    conftest.c conftstm.o >&5
configure:8331: $? = 0
configure:8369: result: ok
configure:8416: checking for sysroot
configure:8447: result: no
configure:8454: checking for a working dd
configure:8498: result: /bin/dd
configure:8502: checking how to truncate binary pipes
configure:8518: result: /bin/dd bs=4096 count=1
configure:8810: checking for aarch64-apple-darwin24-mt
configure:8845: result: no
configure:8855: checking for mt
configure:8890: result: no
configure:8910: checking if : is a manifest tool
configure:8917: : '-?'
configure:8925: result: no
configure:8941: checking for aarch64-apple-darwin24-dsymutil
configure:8976: result: no
configure:8986: checking for dsymutil
configure:9007: found /usr/bin/dsymutil
configure:9018: result: dsymutil
configure:9043: checking for aarch64-apple-darwin24-nmedit
configure:9078: result: no
configure:9088: checking for nmedit
configure:9109: found /usr/bin/nmedit
configure:9120: result: nmedit
configure:9145: checking for aarch64-apple-darwin24-lipo
configure:9180: result: no
configure:9190: checking for lipo
configure:9211: found /usr/bin/lipo
configure:9222: result: lipo
configure:9247: checking for aarch64-apple-darwin24-otool
configure:9282: result: no
configure:9292: checking for otool
configure:9313: found /usr/bin/otool
configure:9324: result: otool
configure:9349: checking for aarch64-apple-darwin24-otool64
configure:9384: result: no
configure:9394: checking for otool64
configure:9429: result: no
configure:9474: checking for -single_module linker flag
clang   -o libconftest.dylib -dynamiclib -Wl,-single_module conftest.c
ld: warning: -single_module is obsolete
configure:9508: result: no
configure:9511: checking for -exported_symbols_list linker flag
configure:9532: clang -o conftest    -Wl,-exported_symbols_list,conftest.sym conftest.c  >&5
configure:9532: $? = 0
configure:9543: result: yes
configure:9546: checking for -force_load linker flag
clang  -c -o conftest.o conftest.c
ar cr libconftest.a conftest.o
ranlib libconftest.a
clang   -o conftest conftest.c -Wl,-force_load,./libconftest.a
configure:9579: result: yes
configure:9650: checking for stdio.h
configure:9650: clang -c   conftest.c >&5
configure:9650: $? = 0
configure:9650: result: yes
configure:9650: checking for stdlib.h
configure:9650: clang -c   conftest.c >&5
configure:9650: $? = 0
configure:9650: result: yes
configure:9650: checking for string.h
configure:9650: clang -c   conftest.c >&5
configure:9650: $? = 0
configure:9650: result: yes
configure:9650: checking for inttypes.h
configure:9650: clang -c   conftest.c >&5
configure:9650: $? = 0
configure:9650: result: yes
configure:9650: checking for stdint.h
configure:9650: clang -c   conftest.c >&5
configure:9650: $? = 0
configure:9650: result: yes
configure:9650: checking for strings.h
configure:9650: clang -c   conftest.c >&5
configure:9650: $? = 0
configure:9650: result: yes
configure:9650: checking for sys/stat.h
configure:9650: clang -c   conftest.c >&5
configure:9650: $? = 0
configure:9650: result: yes
configure:9650: checking for sys/types.h
configure:9650: clang -c   conftest.c >&5
configure:9650: $? = 0
configure:9650: result: yes
configure:9650: checking for unistd.h
configure:9650: clang -c   conftest.c >&5
configure:9650: $? = 0
configure:9650: result: yes
configure:9675: checking for dlfcn.h
configure:9675: clang -c   conftest.c >&5
configure:9675: $? = 0
configure:9675: result: yes
configure:9945: checking for objdir
configure:9961: result: .libs
configure:10225: checking if clang supports -fno-rtti -fno-exceptions
configure:10244: clang -c   -fno-rtti -fno-exceptions conftest.c >&5
configure:10248: $? = 0
configure:10261: result: yes
configure:10625: checking for clang option to produce PIC
configure:10633: result: -fno-common -DPIC
configure:10641: checking if clang PIC flag -fno-common -DPIC works
configure:10660: clang -c   -fno-common -DPIC -DPIC conftest.c >&5
configure:10664: $? = 0
configure:10677: result: yes
configure:10706: checking if clang static flag -static works
configure:10735: result: no
configure:10750: checking if clang supports -c -o file.o
configure:10772: clang -c   -o out/conftest2.o conftest.c >&5
configure:10776: $? = 0
configure:10798: result: yes
configure:10806: checking if clang supports -c -o file.o
configure:10854: result: yes
configure:10887: checking whether the clang linker (ld) supports shared libraries
configure:12161: result: yes
configure:12402: checking dynamic linker characteristics
configure:13235: result: darwin24 dyld
configure:13357: checking how to hardcode library paths into programs
configure:13382: result: immediate
configure:13934: checking whether stripping libraries is possible
configure:13951: result: yes
configure:13985: checking if libtool supports shared libraries
configure:13987: result: yes
configure:13990: checking whether to build shared libraries
configure:14015: result: no
configure:14018: checking whether to build static libraries
configure:14022: result: yes
configure:14045: checking how to run the C++ preprocessor
configure:14067: g++ -E  conftest.cpp
configure:14067: $? = 0
configure:14082: g++ -E  conftest.cpp
conftest.cpp:23:10: fatal error: 'ac_nonexistent.h' file not found
   23 | #include <ac_nonexistent.h>
      |          ^~~~~~~~~~~~~~~~~~
1 error generated.
configure:14082: $? = 1
configure: failed program was:
| /* confdefs.h */
| #define PACKAGE_NAME "libffi"
| #define PACKAGE_TARNAME "libffi"
| #define PACKAGE_VERSION "3.5.2"
| #define PACKAGE_STRING "libffi 3.5.2"
| #define PACKAGE_BUGREPORT "http://github.com/libffi/libffi/issues"
| #define PACKAGE_URL ""
| #define PACKAGE "libffi"
| #define VERSION "3.5.2"
| #define HAVE_STDIO_H 1
| #define HAVE_STDLIB_H 1
| #define HAVE_STRING_H 1
| #define HAVE_INTTYPES_H 1
| #define HAVE_STDINT_H 1
| #define HAVE_STRINGS_H 1
| #define HAVE_SYS_STAT_H 1
| #define HAVE_SYS_TYPES_H 1
| #define HAVE_UNISTD_H 1
| #define STDC_HEADERS 1
| #define HAVE_DLFCN_H 1
| #define LT_OBJDIR ".libs/"
| /* end confdefs.h.  */
| #include <ac_nonexistent.h>
configure:14109: result: g++ -E
configure:14123: g++ -E  conftest.cpp
configure:14123: $? = 0
configure:14138: g++ -E  conftest.cpp
conftest.cpp:23:10: fatal error: 'ac_nonexistent.h' file not found
   23 | #include <ac_nonexistent.h>
      |          ^~~~~~~~~~~~~~~~~~
1 error generated.
configure:14138: $? = 1
configure: failed program was:
| /* confdefs.h */
| #define PACKAGE_NAME "libffi"
| #define PACKAGE_TARNAME "libffi"
| #define PACKAGE_VERSION "3.5.2"
| #define PACKAGE_STRING "libffi 3.5.2"
| #define PACKAGE_BUGREPORT "http://github.com/libffi/libffi/issues"
| #define PACKAGE_URL ""
| #define PACKAGE "libffi"
| #define VERSION "3.5.2"
| #define HAVE_STDIO_H 1
| #define HAVE_STDLIB_H 1
| #define HAVE_STRING_H 1
| #define HAVE_INTTYPES_H 1
| #define HAVE_STDINT_H 1
| #define HAVE_STRINGS_H 1
| #define HAVE_SYS_STAT_H 1
| #define HAVE_SYS_TYPES_H 1
| #define HAVE_UNISTD_H 1
| #define STDC_HEADERS 1
| #define HAVE_DLFCN_H 1
| #define LT_OBJDIR ".libs/"
| /* end confdefs.h.  */
| #include <ac_nonexistent.h>
configure:14303: checking for ld used by g++
configure:14371: result: ld
configure:14378: checking if the linker (ld) is GNU ld
configure:14394: result: no
configure:14449: checking whether the g++ linker (ld) supports shared libraries
configure:15527: result: yes
configure:15563: g++ -c -g -O2  conftest.cpp >&5
configure:15566: $? = 0
configure:16047: checking for g++ option to produce PIC
configure:16055: result: -fno-common -DPIC
configure:16063: checking if g++ PIC flag -fno-common -DPIC works
configure:16082: g++ -c -g -O2  -fno-common -DPIC -DPIC conftest.cpp >&5
configure:16086: $? = 0
configure:16099: result: yes
configure:16122: checking if g++ static flag -static works
configure:16151: result: no
configure:16163: checking if g++ supports -c -o file.o
configure:16185: g++ -c -g -O2  -o out/conftest2.o conftest.cpp >&5
configure:16189: $? = 0
configure:16211: result: yes
configure:16216: checking if g++ supports -c -o file.o
configure:16264: result: yes
configure:16294: checking whether the g++ linker (ld) supports shared libraries
configure:16337: result: yes
configure:16479: checking dynamic linker characteristics
configure:17239: result: darwin24 dyld
configure:17304: checking how to hardcode library paths into programs
configure:17329: result: immediate
configure:17397: checking for aarch64-apple-darwin24-readelf
configure:17432: result: no
configure:17397: checking for aarch64-apple-darwin24-greadelf
configure:17432: result: no
configure:17446: checking for readelf
configure:17481: result: no
configure:17446: checking for greadelf
configure:17481: result: no
configure:17508: checking size of size_t
configure:17514: clang -o conftest    conftest.c  >&5
configure:17514: $? = 0
configure:17514: ./conftest
configure:17514: $? = 0
configure:17529: result: 8
configure:17538: checking for C compiler vendor
configure:17597: clang -c   conftest.c >&5
conftest.c:30:7: error: use of undeclared identifier 'thisisanerror'
   30 |       thisisanerror;
      |       ^
1 error generated.
configure:17597: $? = 1
configure: failed program was:
| /* confdefs.h */
| #define PACKAGE_NAME "libffi"
| #define PACKAGE_TARNAME "libffi"
| #define PACKAGE_VERSION "3.5.2"
| #define PACKAGE_STRING "libffi 3.5.2"
| #define PACKAGE_BUGREPORT "http://github.com/libffi/libffi/issues"
| #define PACKAGE_URL ""
| #define PACKAGE "libffi"
| #define VERSION "3.5.2"
| #define HAVE_STDIO_H 1
| #define HAVE_STDLIB_H 1
| #define HAVE_STRING_H 1
| #define HAVE_INTTYPES_H 1
| #define HAVE_STDINT_H 1
| #define HAVE_STRINGS_H 1
| #define HAVE_SYS_STAT_H 1
| #define HAVE_SYS_TYPES_H 1
| #define HAVE_UNISTD_H 1
| #define STDC_HEADERS 1
| #define HAVE_DLFCN_H 1
| #define LT_OBJDIR ".libs/"
| #define SIZEOF_SIZE_T 8
| /* end confdefs.h.  */
| 
| int
| main (void)
| {
| 
| #if !(defined(__ICC) || defined(__ECC) || defined(__INTEL_COMPILER))
|       thisisanerror;
| #endif
| 
|   ;
|   return 0;
| }
configure:17597: clang -c   conftest.c >&5
conftest.c:30:7: error: use of undeclared identifier 'thisisanerror'
   30 |       thisisanerror;
      |       ^
1 error generated.
configure:17597: $? = 1
configure: failed program was:
| /* confdefs.h */
| #define PACKAGE_NAME "libffi"
| #define PACKAGE_TARNAME "libffi"
| #define PACKAGE_VERSION "3.5.2"
| #define PACKAGE_STRING "libffi 3.5.2"
| #define PACKAGE_BUGREPORT "http://github.com/libffi/libffi/issues"
| #define PACKAGE_URL ""
| #define PACKAGE "libffi"
| #define VERSION "3.5.2"
| #define HAVE_STDIO_H 1
| #define HAVE_STDLIB_H 1
| #define HAVE_STRING_H 1
| #define HAVE_INTTYPES_H 1
| #define HAVE_STDINT_H 1
| #define HAVE_STRINGS_H 1
| #define HAVE_SYS_STAT_H 1
| #define HAVE_SYS_TYPES_H 1
| #define HAVE_UNISTD_H 1
| #define STDC_HEADERS 1
| #define HAVE_DLFCN_H 1
| #define LT_OBJDIR ".libs/"
| #define SIZEOF_SIZE_T 8
| /* end confdefs.h.  */
| 
| int
| main (void)
| {
| 
| #if !(defined(__xlc__) || defined(__xlC__) || defined(__IBMC__) || defined(__IBMCPP__) || defined(__ibmxl__))
|       thisisanerror;
| #endif
| 
|   ;
|   return 0;
| }
configure:17597: clang -c   conftest.c >&5
conftest.c:30:7: error: use of undeclared identifier 'thisisanerror'
   30 |       thisisanerror;
      |       ^
1 error generated.
configure:17597: $? = 1
configure: failed program was:
| /* confdefs.h */
| #define PACKAGE_NAME "libffi"
| #define PACKAGE_TARNAME "libffi"
| #define PACKAGE_VERSION "3.5.2"
| #define PACKAGE_STRING "libffi 3.5.2"
| #define PACKAGE_BUGREPORT "http://github.com/libffi/libffi/issues"
| #define PACKAGE_URL ""
| #define PACKAGE "libffi"
| #define VERSION "3.5.2"
| #define HAVE_STDIO_H 1
| #define HAVE_STDLIB_H 1
| #define HAVE_STRING_H 1
| #define HAVE_INTTYPES_H 1
| #define HAVE_STDINT_H 1
| #define HAVE_STRINGS_H 1
| #define HAVE_SYS_STAT_H 1
| #define HAVE_SYS_TYPES_H 1
| #define HAVE_UNISTD_H 1
| #define STDC_HEADERS 1
| #define HAVE_DLFCN_H 1
| #define LT_OBJDIR ".libs/"
| #define SIZEOF_SIZE_T 8
| /* end confdefs.h.  */
| 
| int
| main (void)
| {
| 
| #if !(defined(__PATHCC__) || defined(__PATHSCALE__))
|       thisisanerror;
| #endif
| 
|   ;
|   return 0;
| }
configure:17597: clang -c   conftest.c >&5
configure:17597: $? = 0
configure:17607: result: clang
configure:18516: checking CFLAGS for most reasonable warnings
configure:18603: : CFLAGS="$CFLAGS"
configure:18606: $? = 0
configure:18629: result: -Wall
configure:18652: checking whether to enable maintainer-specific portions of Makefiles
configure:18662: result: no
configure:18676: checking for sys/memfd.h
configure:18676: clang -c -Wall  -fexceptions  conftest.c >&5
conftest.c:52:10: fatal error: 'sys/memfd.h' file not found
   52 | #include <sys/memfd.h>
      |          ^~~~~~~~~~~~~
1 error generated.
configure:18676: $? = 1
configure: failed program was:
| /* confdefs.h */
| #define PACKAGE_NAME "libffi"
| #define PACKAGE_TARNAME "libffi"
| #define PACKAGE_VERSION "3.5.2"
| #define PACKAGE_STRING "libffi 3.5.2"
| #define PACKAGE_BUGREPORT "http://github.com/libffi/libffi/issues"
| #define PACKAGE_URL ""
| #define PACKAGE "libffi"
| #define VERSION "3.5.2"
| #define HAVE_STDIO_H 1
| #define HAVE_STDLIB_H 1
| #define HAVE_STRING_H 1
| #define HAVE_INTTYPES_H 1
| #define HAVE_STDINT_H 1
| #define HAVE_STRINGS_H 1
| #define HAVE_SYS_STAT_H 1
| #define HAVE_SYS_TYPES_H 1
| #define HAVE_UNISTD_H 1
| #define STDC_HEADERS 1
| #define HAVE_DLFCN_H 1
| #define LT_OBJDIR ".libs/"
| #define SIZEOF_SIZE_T 8
| /* end confdefs.h.  */
| #include <stddef.h>
| #ifdef HAVE_STDIO_H
| # include <stdio.h>
| #endif
| #ifdef HAVE_STDLIB_H
| # include <stdlib.h>
| #endif
| #ifdef HAVE_STRING_H
| # include <string.h>
| #endif
| #ifdef HAVE_INTTYPES_H
| # include <inttypes.h>
| #endif
| #ifdef HAVE_STDINT_H
| # include <stdint.h>
| #endif
| #ifdef HAVE_STRINGS_H
| # include <strings.h>
| #endif
| #ifdef HAVE_SYS_TYPES_H
| # include <sys/types.h>
| #endif
| #ifdef HAVE_SYS_STAT_H
| # include <sys/stat.h>
| #endif
| #ifdef HAVE_UNISTD_H
| # include <unistd.h>
| #endif
| #include <sys/memfd.h>
configure:18676: result: no
configure:18683: checking for memfd_create
configure:18683: clang -o conftest -Wall  -fexceptions   conftest.c  >&5
Undefined symbols for architecture arm64:
  "_memfd_create", referenced from:
      _main in conftest-fd2f41.o
ld: symbol(s) not found for architecture arm64
clang: error: linker command failed with exit code 1 (use -v to see invocation)
configure:18683: $? = 1
configure: failed program was:
| /* confdefs.h */
| #define PACKAGE_NAME "libffi"
| #define PACKAGE_TARNAME "libffi"
| #define PACKAGE_VERSION "3.5.2"
| #define PACKAGE_STRING "libffi 3.5.2"
| #define PACKAGE_BUGREPORT "http://github.com/libffi/libffi/issues"
| #define PACKAGE_URL ""
| #define PACKAGE "libffi"
| #define VERSION "3.5.2"
| #define HAVE_STDIO_H 1
| #define HAVE_STDLIB_H 1
| #define HAVE_STRING_H 1
| #define HAVE_INTTYPES_H 1
| #define HAVE_STDINT_H 1
| #define HAVE_STRINGS_H 1
| #define HAVE_SYS_STAT_H 1
| #define HAVE_SYS_TYPES_H 1
| #define HAVE_UNISTD_H 1
| #define STDC_HEADERS 1
| #define HAVE_DLFCN_H 1
| #define LT_OBJDIR ".libs/"
| #define SIZEOF_SIZE_T 8
| /* end confdefs.h.  */
| /* Define memfd_create to an innocuous variant, in case <limits.h> declares memfd_create.
|    For example, HP-UX 11i <limits.h> declares gettimeofday.  */
| #define memfd_create innocuous_memfd_create
| 
| /* System header to define __stub macros and hopefully few prototypes,
|    which can conflict with char memfd_create (); below.  */
| 
| #include <limits.h>
| #undef memfd_create
| 
| /* Override any GCC internal prototype to avoid an error.
|    Use char because int might match the return type of a GCC
|    builtin and then its argument prototype would still apply.  */
| #ifdef __cplusplus
| extern "C"
| #endif
| char memfd_create ();
| /* The GNU C library defines this for functions which it implements
|     to always fail with ENOSYS.  Some functions are actually named
|     something starting with __ and the normal name is an alias.  */
| #if defined __stub_memfd_create || defined __stub___memfd_create
| choke me
| #endif
| 
| int
| main (void)
| {
| return memfd_create ();
|   ;
|   return 0;
| }
configure:18683: result: no
configure:18713: checking for memcpy
configure:18713: clang -o conftest -Wall  -fexceptions   conftest.c  >&5
conftest.c:40:6: warning: incompatible redeclaration of library function 'memcpy' [-Wincompatible-library-redeclaration]
   40 | char memcpy ();
      |      ^
conftest.c:40:6: note: 'memcpy' is a builtin with type 'void *(void *, const void *, unsigned long)'
1 warning generated.
configure:18713: $? = 0
configure:18713: result: yes
configure:18720: checking for alloca.h
configure:18720: clang -c -Wall  -fexceptions  conftest.c >&5
configure:18720: $? = 0
configure:18720: result: yes
configure:18732: checking size of double
configure:18738: clang -o conftest -Wall  -fexceptions   conftest.c  >&5
configure:18738: $? = 0
configure:18738: ./conftest
configure:18738: $? = 0
configure:18753: result: 8
configure:18765: checking size of long double
configure:18771: clang -o conftest -Wall  -fexceptions   conftest.c  >&5
configure:18771: $? = 0
configure:18771: ./conftest
configure:18771: $? = 0
configure:18786: result: 8
configure:18817: checking whether byte ordering is bigendian
configure:18833: clang -c -Wall  -fexceptions  conftest.c >&5
configure:18833: $? = 0
configure:18879: clang -c -Wall  -fexceptions  conftest.c >&5
configure:18879: $? = 0
configure:18898: clang -c -Wall  -fexceptions  conftest.c >&5
conftest.c:35:4: error: use of undeclared identifier 'not'
   35 |                  not big endian
      |                  ^
1 error generated.
configure:18898: $? = 1
configure: failed program was:
| /* confdefs.h */
| #define PACKAGE_NAME "libffi"
| #define PACKAGE_TARNAME "libffi"
| #define PACKAGE_VERSION "3.5.2"
| #define PACKAGE_STRING "libffi 3.5.2"
| #define PACKAGE_BUGREPORT "http://github.com/libffi/libffi/issues"
| #define PACKAGE_URL ""
| #define PACKAGE "libffi"
| #define VERSION "3.5.2"
| #define HAVE_STDIO_H 1
| #define HAVE_STDLIB_H 1
| #define HAVE_STRING_H 1
| #define HAVE_INTTYPES_H 1
| #define HAVE_STDINT_H 1
| #define HAVE_STRINGS_H 1
| #define HAVE_SYS_STAT_H 1
| #define HAVE_SYS_TYPES_H 1
| #define HAVE_UNISTD_H 1
| #define STDC_HEADERS 1
| #define HAVE_DLFCN_H 1
| #define LT_OBJDIR ".libs/"
| #define SIZEOF_SIZE_T 8
| #define HAVE_MEMCPY 1
| #define HAVE_ALLOCA_H 1
| #define SIZEOF_DOUBLE 8
| #define SIZEOF_LONG_DOUBLE 8
| /* end confdefs.h.  */
| #include <sys/types.h>
| 		#include <sys/param.h>
| 
| int
| main (void)
| {
| #if BYTE_ORDER != BIG_ENDIAN
| 		 not big endian
| 		#endif
| 
|   ;
|   return 0;
| }
configure:19032: result: no
configure:19052: checking assembler .cfi pseudo-op support
configure:19078: clang -c -Wall  -fexceptions  conftest.c >&5
configure:19078: $? = 0
configure:19093: result: yes
configure:19246: checking whether compiler supports pointer authentication
configure:19275: clang -c -Wall  -fexceptions  conftest.c >&5
conftest.c:41:3: error: Pointer authentication not supported
   41 | # error Pointer authentication not supported
      |   ^
1 error generated.
configure:19275: $? = 1
configure: failed program was:
| /* confdefs.h */
| #define PACKAGE_NAME "libffi"
| #define PACKAGE_TARNAME "libffi"
| #define PACKAGE_VERSION "3.5.2"
| #define PACKAGE_STRING "libffi 3.5.2"
| #define PACKAGE_BUGREPORT "http://github.com/libffi/libffi/issues"
| #define PACKAGE_URL ""
| #define PACKAGE "libffi"
| #define VERSION "3.5.2"
| #define HAVE_STDIO_H 1
| #define HAVE_STDLIB_H 1
| #define HAVE_STRING_H 1
| #define HAVE_INTTYPES_H 1
| #define HAVE_STDINT_H 1
| #define HAVE_STRINGS_H 1
| #define HAVE_SYS_STAT_H 1
| #define HAVE_SYS_TYPES_H 1
| #define HAVE_UNISTD_H 1
| #define STDC_HEADERS 1
| #define HAVE_DLFCN_H 1
| #define LT_OBJDIR ".libs/"
| #define SIZEOF_SIZE_T 8
| #define HAVE_MEMCPY 1
| #define HAVE_ALLOCA_H 1
| #define SIZEOF_DOUBLE 8
| #define SIZEOF_LONG_DOUBLE 8
| #define HAVE_AS_CFI_PSEUDO_OP 1
| /* end confdefs.h.  */
| 
| int
| main (void)
| {
| 
| #ifdef __clang__
| # if __has_feature(ptrauth_calls)
| #  define HAVE_ARM64E_PTRAUTH 1
| # endif
| #endif
| 
| #ifndef HAVE_ARM64E_PTRAUTH
| # error Pointer authentication not supported
| #endif
| 
|   ;
|   return 0;
| }
configure:19284: result: no
configure:19310: checking for _ prefix in compiled symbols
configure:19321: clang -c -Wall  -fexceptions  conftest.c >&5
conftest.c:2:12: warning: expression result unused [-Wunused-value]
    2 | int main(){nm_test_func;return 0;}
      |            ^~~~~~~~~~~~
1 warning generated.
configure:19324: $? = 0
configure:19328: nm conftest.o \| /usr/bin/sed -n -e 's/^.*[	 ]\([ABCDGIRSTW][ABCDGIRSTW]*\)[	 ][	 ]*_\([_A-Za-z][_A-Za-z0-9]*\)$/\1 _\2 \2/p' | /usr/bin/sed '/ __gnu_lto/d' \> conftest.nm
configure:19331: $? = 0
configure:19353: result: yes
configure:19429: checking whether the C compiler accepts -fno-lto
configure:19452: clang -c -Wall  -fexceptions  -fno-lto -Werror  conftest.c >&5
configure:19452: $? = 0
configure:19461: result: yes
configure:19471: checking whether .eh_frame section should be read-only
configure:19488: result: yes
configure:19503: checking for __attribute__((visibility("hidden")))
configure:19513: clang -Werror -S conftest.c -o conftest.s 1>&5
configure:19516: $? = 0
configure:19525: result: yes
configure:20011: versioning on shared library symbols is no
configure:20132: checking that generated files are newer than configure
configure:20138: result: done
configure:20206: creating ./config.status

## ---------------------- ##
## Running config.status. ##
## ---------------------- ##

This file was extended by libffi config.status 3.5.2, which was
generated by GNU Autoconf 2.71.  Invocation command line was

  CONFIG_FILES    = 
  CONFIG_HEADERS  = 
  CONFIG_LINKS    = 
  CONFIG_COMMANDS = 
  $ ./config.status 

on Yousefs-Instabug-MBA.local

config.status:1218: creating include/Makefile
config.status:1218: creating include/ffi.h
config.status:1218: creating Makefile
config.status:1218: creating testsuite/Makefile
config.status:1218: creating man/Makefile
config.status:1218: creating doc/Makefile
config.status:1218: creating libffi.pc
config.status:1218: creating fficonfig.h
config.status:1432: executing buildir commands
config.status:1445: skipping top_srcdir/Makefile - not created
config.status:1432: executing depfiles commands
config.status:1432: executing libtool commands
config.status:1432: executing include commands
config.status:1432: executing src commands

## ---------------- ##
## Cache variables. ##
## ---------------- ##

ac_cv_build=aarch64-apple-darwin24.6.0
ac_cv_c_bigendian=no
ac_cv_c_compiler_gnu=yes
ac_cv_cflags_warn_all=-Wall
ac_cv_cxx_compiler_gnu=yes
ac_cv_env_CCASFLAGS_set=
ac_cv_env_CCASFLAGS_value=
ac_cv_env_CCAS_set=
ac_cv_env_CCAS_value=
ac_cv_env_CPPFLAGS_set=
ac_cv_env_CPPFLAGS_value=
ac_cv_env_CXXCPP_set=
ac_cv_env_CXXCPP_value=
ac_cv_env_LT_SYS_LIBRARY_PATH_set=
ac_cv_env_LT_SYS_LIBRARY_PATH_value=
ac_cv_env_WASM64_MEMORY64_set=
ac_cv_env_WASM64_MEMORY64_value=
ac_cv_env_build_alias_set=
ac_cv_env_build_alias_value=
ac_cv_env_host_alias_set=set
ac_cv_env_host_alias_value=aarch64-apple-darwin24
ac_cv_env_target_alias_set=
ac_cv_env_target_alias_value=
ac_cv_func_memcpy=yes
ac_cv_func_memfd_create=no
ac_cv_header_alloca_h=yes
ac_cv_header_dlfcn_h=yes
ac_cv_header_inttypes_h=yes
ac_cv_header_stdint_h=yes
ac_cv_header_stdio_h=yes
ac_cv_header_stdlib_h=yes
ac_cv_header_string_h=yes
ac_cv_header_strings_h=yes
ac_cv_header_sys_memfd_h=no
ac_cv_header_sys_stat_h=yes
ac_cv_header_sys_types_h=yes
ac_cv_header_unistd_h=yes
ac_cv_host=aarch64-apple-darwin24
ac_cv_objext=o
ac_cv_path_EGREP='/usr/bin/grep -E'
ac_cv_path_FGREP='/usr/bin/grep -F'
ac_cv_path_GREP=/usr/bin/grep
ac_cv_path_SED=/usr/bin/sed
ac_cv_path_ax_enable_builddir_sed=sed
ac_cv_path_install='/usr/bin/install -c'
ac_cv_path_lt_DD=/bin/dd
ac_cv_prog_AWK=awk
ac_cv_prog_CC=clang
ac_cv_prog_CXXCPP='g++ -E'
ac_cv_prog_STRIP=strip
ac_cv_prog_ac_ct_AR=ar
ac_cv_prog_ac_ct_CXX=g++
ac_cv_prog_ac_ct_DSYMUTIL=dsymutil
ac_cv_prog_ac_ct_DUMPBIN='link -dump'
ac_cv_prog_ac_ct_FILECMD=file
ac_cv_prog_ac_ct_LIPO=lipo
ac_cv_prog_ac_ct_NMEDIT=nmedit
ac_cv_prog_ac_ct_OBJDUMP=objdump
ac_cv_prog_ac_ct_OTOOL=otool
ac_cv_prog_ac_ct_RANLIB=ranlib
ac_cv_prog_ac_ct_STRIP=strip
ac_cv_prog_cc_c11=
ac_cv_prog_cc_g=yes
ac_cv_prog_cc_stdc=
ac_cv_prog_cxx_cxx11=
ac_cv_prog_cxx_g=yes
ac_cv_prog_cxx_stdcxx=
ac_cv_prog_make_make_set=yes
ac_cv_sizeof_double=8
ac_cv_sizeof_long_double=8
ac_cv_sizeof_size_t=8
ac_cv_target=aarch64-apple-darwin24
am_cv_CCAS_dependencies_compiler_type=none
am_cv_CC_dependencies_compiler_type=none
am_cv_CXX_dependencies_compiler_type=none
am_cv_make_support_nested_variables=yes
am_cv_prog_cc_c_o=yes
ax_cv_c_compiler_vendor=clang
ax_cv_check_cflags___fno_lto=yes
gcc_cv_as_cfi_pseudo_op=yes
libffi_cv_as_ptrauth=no
libffi_cv_hidden_visibility_attribute=yes
libffi_cv_no_lto=-fno-lto
libffi_cv_ro_eh_frame=yes
lt_cv_apple_cc_single_mod=no
lt_cv_ar_at_file=no
lt_cv_deplibs_check_method=pass_all
lt_cv_file_magic_cmd='$MAGIC_CMD'
lt_cv_file_magic_test_file=
lt_cv_ld_exported_symbols_list=yes
lt_cv_ld_force_load=yes
lt_cv_ld_reload_flag=-r
lt_cv_nm_interface='BSD nm'
lt_cv_objdir=.libs
lt_cv_path_LD=ld
lt_cv_path_LDCXX=ld
lt_cv_path_NM=no
lt_cv_path_mainfest_tool=no
lt_cv_prog_compiler_c_o=yes
lt_cv_prog_compiler_c_o_CXX=yes
lt_cv_prog_compiler_pic='-fno-common -DPIC'
lt_cv_prog_compiler_pic_CXX='-fno-common -DPIC'
lt_cv_prog_compiler_pic_works=yes
lt_cv_prog_compiler_pic_works_CXX=yes
lt_cv_prog_compiler_rtti_exceptions=yes
lt_cv_prog_compiler_static_works=no
lt_cv_prog_compiler_static_works_CXX=no
lt_cv_prog_gnu_ld=no
lt_cv_prog_gnu_ldcxx=no
lt_cv_sharedlib_from_linklib_cmd='printf %s\n'
lt_cv_sys_global_symbol_pipe='/usr/bin/sed -n -e '\''s/^.*[	 ]\([ABCDGIRSTW][ABCDGIRSTW]*\)[	 ][	 ]*_\([_A-Za-z][_A-Za-z0-9]*\)$/\1 _\2 \2/p'\'' | /usr/bin/sed '\''/ __gnu_lto/d'\'''
lt_cv_sys_global_symbol_to_c_name_address='/usr/bin/sed -n -e '\''s/^: \(.*\) .*$/  {"\1", (void *) 0},/p'\'' -e '\''s/^[ABCDGIRSTW][ABCDGIRSTW]* .* \(.*\)$/  {"\1", (void *) \&\1},/p'\'''
lt_cv_sys_global_symbol_to_c_name_address_lib_prefix='/usr/bin/sed -n -e '\''s/^: \(.*\) .*$/  {"\1", (void *) 0},/p'\'' -e '\''s/^[ABCDGIRSTW][ABCDGIRSTW]* .* \(lib.*\)$/  {"\1", (void *) \&\1},/p'\'' -e '\''s/^[ABCDGIRSTW][ABCDGIRSTW]* .* \(.*\)$/  {"lib\1", (void *) \&\1},/p'\'''
lt_cv_sys_global_symbol_to_cdecl='/usr/bin/sed -n -e '\''s/^T .* \(.*\)$/extern int \1();/p'\'' -e '\''s/^[ABCDGIRSTW][ABCDGIRSTW]* .* \(.*\)$/extern char \1;/p'\'''
lt_cv_sys_global_symbol_to_import=
lt_cv_sys_max_cmd_len=786432
lt_cv_sys_symbol_underscore=yes
lt_cv_to_host_file_cmd=func_convert_file_noop
lt_cv_to_tool_file_cmd=func_convert_file_noop
lt_cv_truncate_bin='/bin/dd bs=4096 count=1'

## ----------------- ##
## Output variables. ##
## ----------------- ##

ACLOCAL='${SHELL} '\''/Users/yosefhamza/Repos/codetime/codetime-server/vendor/bundle/ruby/3.3.0/gems/ffi-1.17.3/ext/ffi_c/libffi/missing'\'' aclocal-1.16'
AMDEPBACKSLASH=''
AMDEP_FALSE=''
AMDEP_TRUE='#'
AMTAR='$${TAR-tar}'
AM_BACKSLASH='\'
AM_DEFAULT_V='$(AM_DEFAULT_VERBOSITY)'
AM_DEFAULT_VERBOSITY='1'
AM_LTLDFLAGS=''
AM_RUNTESTFLAGS=''
AM_V='$(V)'
AR='ar'
AUTOCONF='${SHELL} '\''/Users/yosefhamza/Repos/codetime/codetime-server/vendor/bundle/ruby/3.3.0/gems/ffi-1.17.3/ext/ffi_c/libffi/missing'\'' autoconf'
AUTOHEADER='${SHELL} '\''/Users/yosefhamza/Repos/codetime/codetime-server/vendor/bundle/ruby/3.3.0/gems/ffi-1.17.3/ext/ffi_c/libffi/missing'\'' autoheader'
AUTOMAKE='${SHELL} '\''/Users/yosefhamza/Repos/codetime/codetime-server/vendor/bundle/ruby/3.3.0/gems/ffi-1.17.3/ext/ffi_c/libffi/missing'\'' automake-1.16'
AWK='awk'
BUILD_DOCS_FALSE=''
BUILD_DOCS_TRUE='#'
CC='clang'
CCAS='clang'
CCASDEPMODE='depmode=none'
CCASFLAGS=''
CCDEPMODE='depmode=none'
CFLAGS='-Wall  -fexceptions'
CPPFLAGS=''
CSCOPE='cscope'
CTAGS='ctags'
CXX='g++'
CXXCPP='g++ -E'
CXXDEPMODE='depmode=none'
CXXFLAGS='-g -O2'
CYGPATH_W='echo'
DEFS='-DHAVE_CONFIG_H'
DEPDIR='.deps'
DLLTOOL='false'
DSYMUTIL='dsymutil'
DUMPBIN=':'
ECHO_C='\c'
ECHO_N=''
ECHO_T=''
EGREP='/usr/bin/grep -E'
ETAGS='etags'
EXEEXT=''
FFI_DEBUG_FALSE=''
FFI_DEBUG_TRUE='#'
FFI_EXEC_TRAMPOLINE_TABLE='1'
FFI_EXEC_TRAMPOLINE_TABLE_FALSE='#'
FFI_EXEC_TRAMPOLINE_TABLE_TRUE=''
FFI_VERSION_NUMBER='30502'
FFI_VERSION_STRING='3.5.2'
FGREP='/usr/bin/grep -F'
FILECMD='file'
GREP='/usr/bin/grep'
HAVE_LONG_DOUBLE='0'
HAVE_LONG_DOUBLE_VARIANT='0'
INSTALL_DATA='${INSTALL} -m 644'
INSTALL_PROGRAM='${INSTALL}'
INSTALL_SCRIPT='${INSTALL}'
INSTALL_STRIP_PROGRAM='$(install_sh) -c -s'
LD='ld'
LDFLAGS=''
LIBFFI_BUILD_VERSIONED_SHLIB_FALSE=''
LIBFFI_BUILD_VERSIONED_SHLIB_GNU_FALSE=''
LIBFFI_BUILD_VERSIONED_SHLIB_GNU_TRUE='#'
LIBFFI_BUILD_VERSIONED_SHLIB_SUN_FALSE=''
LIBFFI_BUILD_VERSIONED_SHLIB_SUN_TRUE='#'
LIBFFI_BUILD_VERSIONED_SHLIB_TRUE='#'
LIBOBJS=''
LIBS=''
LIBTOOL='$(SHELL) $(top_builddir)/libtool'
LIPO='lipo'
LN_S='ln -s'
LTLIBOBJS=''
LT_SYS_LIBRARY_PATH=''
MAINT='#'
MAINTAINER_MODE_FALSE=''
MAINTAINER_MODE_TRUE='#'
MAKEINFO='${SHELL} '\''/Users/yosefhamza/Repos/codetime/codetime-server/vendor/bundle/ruby/3.3.0/gems/ffi-1.17.3/ext/ffi_c/libffi/missing'\'' makeinfo'
MANIFEST_TOOL=':'
MKDIR_P='/Users/yosefhamza/Repos/codetime/codetime-server/vendor/bundle/ruby/3.3.0/gems/ffi-1.17.3/ext/ffi_c/libffi/install-sh -c -d'
NM='nm'
NMEDIT='nmedit'
OBJDUMP='objdump'
OBJEXT='o'
OPT_LDFLAGS=''
OTOOL64=':'
OTOOL='otool'
PACKAGE='libffi'
PACKAGE_BUGREPORT='http://github.com/libffi/libffi/issues'
PACKAGE_NAME='libffi'
PACKAGE_STRING='libffi 3.5.2'
PACKAGE_TARNAME='libffi'
PACKAGE_URL=''
PACKAGE_VERSION='3.5.2'
PATH_SEPARATOR=':'
PRTDIAG=''
RANLIB='ranlib'
READELF=''
SECTION_LDFLAGS=''
SED='/usr/bin/sed'
SET_MAKE=''
SHELL='/bin/sh'
STRIP='strip'
TARGET='AARCH64'
TARGETDIR='aarch64'
TARGET_OBJ=' src/aarch64/ffi.lo src/aarch64/sysv.lo'
TESTSUBDIR_FALSE='#'
TESTSUBDIR_TRUE=''
VERSION='3.5.2'
WASM64_MEMORY64=''
ac_ct_AR='ar'
ac_ct_CC=''
ac_ct_CXX='g++'
ac_ct_DUMPBIN='link -dump'
ac_ct_READELF=''
am__EXEEXT_FALSE=''
am__EXEEXT_TRUE='#'
am__fastdepCCAS_FALSE=''
am__fastdepCCAS_TRUE='#'
am__fastdepCC_FALSE=''
am__fastdepCC_TRUE='#'
am__fastdepCXX_FALSE=''
am__fastdepCXX_TRUE='#'
am__include='include'
am__isrc=' -I$(srcdir)'
am__leading_dot='.'
am__nodep=''
am__quote=''
am__tar='$${TAR-tar} chof - "$$tardir"'
am__untar='$${TAR-tar} xf -'
ax_enable_builddir_sed='sed'
bindir='${exec_prefix}/bin'
build='aarch64-apple-darwin24.6.0'
build_alias=''
build_cpu='aarch64'
build_os='darwin24.6.0'
build_vendor='apple'
datadir='${datarootdir}'
datarootdir='${prefix}/share'
docdir='${datarootdir}/doc/${PACKAGE_TARNAME}'
dvidir='${docdir}'
exec_prefix='${prefix}'
host='aarch64-apple-darwin24'
host_alias='aarch64-apple-darwin24'
host_cpu='aarch64'
host_os='darwin24'
host_vendor='apple'
htmldir='${docdir}'
includedir='${prefix}/include'
infodir='${datarootdir}/info'
install_sh='${SHELL} /Users/yosefhamza/Repos/codetime/codetime-server/vendor/bundle/ruby/3.3.0/gems/ffi-1.17.3/ext/ffi_c/libffi/install-sh'
libdir='${exec_prefix}/lib'
libexecdir='${exec_prefix}/libexec'
localedir='${datarootdir}/locale'
localstatedir='${prefix}/var'
mandir='${datarootdir}/man'
mkdir_p='$(MKDIR_P)'
oldincludedir='/usr/include'
pdfdir='${docdir}'
prefix='/usr/local'
program_transform_name='s,x,x,'
psdir='${docdir}'
runstatedir='${localstatedir}/run'
sbindir='${exec_prefix}/sbin'
sharedstatedir='${prefix}/com'
sys_symbol_underscore='yes'
sysconfdir='${prefix}/etc'
target='aarch64-apple-darwin24'
target_alias='aarch64-apple-darwin24'
target_cpu='aarch64'
target_os='darwin24'
target_vendor='apple'
tmake_file=''
toolexecdir='${libdir}/gcc-lib/$(target_alias)'
toolexeclibdir='${libdir}'

## ----------- ##
## confdefs.h. ##
## ----------- ##

/* confdefs.h */
#define PACKAGE_NAME "libffi"
#define PACKAGE_TARNAME "libffi"
#define PACKAGE_VERSION "3.5.2"
#define PACKAGE_STRING "libffi 3.5.2"
#define PACKAGE_BUGREPORT "http://github.com/libffi/libffi/issues"
#define PACKAGE_URL ""
#define PACKAGE "libffi"
#define VERSION "3.5.2"
#define HAVE_STDIO_H 1
#define HAVE_STDLIB_H 1
#define HAVE_STRING_H 1
#define HAVE_INTTYPES_H 1
#define HAVE_STDINT_H 1
#define HAVE_STRINGS_H 1
#define HAVE_SYS_STAT_H 1
#define HAVE_SYS_TYPES_H 1
#define HAVE_UNISTD_H 1
#define STDC_HEADERS 1
#define HAVE_DLFCN_H 1
#define LT_OBJDIR ".libs/"
#define SIZEOF_SIZE_T 8
#define HAVE_MEMCPY 1
#define HAVE_ALLOCA_H 1
#define SIZEOF_DOUBLE 8
#define SIZEOF_LONG_DOUBLE 8
#define HAVE_AS_CFI_PSEUDO_OP 1
#define SYMBOL_UNDERSCORE 1
#define FFI_EXEC_TRAMPOLINE_TABLE 1
#define HAVE_RO_EH_FRAME 1
#define EH_FRAME_FLAGS "a"
#define HAVE_HIDDEN_VISIBILITY_ATTRIBUTE 1

configure: exit 0
