pkg_config: checking for pkg-config for /Users/yosefhamza/Repos/codetime/codetime-server/vendor/bundle/ruby/3.3.0/gems/sqlite3-2.9.0/ports/arm64-apple-darwin24.6.0/sqlite3/3.51.1/lib/pkgconfig/sqlite3.pc... -------------------- ["-I/Users/yosefhamza/Repos/codetime/codetime-server/vendor/bundle/ruby/3.3.0/gems/sqlite3-2.9.0/ports/arm64-apple-darwin24.6.0/sqlite3/3.51.1/include ", "-L/Users/yosefhamza/Repos/codetime/codetime-server/vendor/bundle/ruby/3.3.0/gems/sqlite3-2.9.0/ports/arm64-apple-darwin24.6.0/sqlite3/3.51.1/lib", "-lsqlite3"]

DYLD_LIBRARY_PATH=.:/Users/yosefhamza/.local/share/mise/installs/ruby/3.3.10/lib pkg-config --exists /Users/yosefhamza/Repos/codetime/codetime-server/vendor/bundle/ruby/3.3.0/gems/sqlite3-2.9.0/ports/arm64-apple-darwin24.6.0/sqlite3/3.51.1/lib/pkgconfig/sqlite3.pc
DYLD_LIBRARY_PATH=.:/Users/yosefhamza/.local/share/mise/installs/ruby/3.3.10/lib pkg-config --libs /Users/yosefhamza/Repos/codetime/codetime-server/vendor/bundle/ruby/3.3.0/gems/sqlite3-2.9.0/ports/arm64-apple-darwin24.6.0/sqlite3/3.51.1/lib/pkgconfig/sqlite3.pc |
=> "-L/Users/yosefhamza/Repos/codetime/codetime-server/vendor/bundle/ruby/3.3.0/gems/sqlite3-2.9.0/ports/arm64-apple-darwin24.6.0/sqlite3/3.51.1/lib -lsqlite3\n"
DYLD_LIBRARY_PATH=.:/Users/yosefhamza/.local/share/mise/installs/ruby/3.3.10/lib "clang -o conftest -I/Users/yosefhamza/.local/share/mise/installs/ruby/3.3.10/include/ruby-3.3.0/arm64-darwin24 -I/Users/yosefhamza/.local/share/mise/installs/ruby/3.3.10/include/ruby-3.3.0/ruby/backward -I/Users/yosefhamza/.local/share/mise/installs/ruby/3.3.10/include/ruby-3.3.0 -I. -D_XOPEN_SOURCE -D_DARWIN_C_SOURCE -D_DARWIN_UNLIMITED_SELECT -D_REENTRANT   -fdeclspec -O3 -fno-fast-math -ggdb3 -Wall -Wextra -Wextra-tokens -Wdeprecated-declarations -Wdivision-by-zero -Wdiv-by-zero -Wimplicit-function-declaration -Wimplicit-int -Wpointer-arith -Wshorten-64-to-32 -Wwrite-strings -Wold-style-definition -Wmissing-noreturn -Wno-cast-function-type -Wno-constant-logical-operand -Wno-long-long -Wno-missing-field-initializers -Wno-overlength-strings -Wno-parentheses-equality -Wno-self-assign -Wno-tautological-compare -Wno-unused-parameter -Wno-unused-value -Wunused-variable -Wmisleading-indentation -Wundef -fno-common -pipe conftest.c  -L. -L/Users/yosefhamza/.local/share/mise/installs/ruby/3.3.10/lib -L. -fstack-protector-strong -L/opt/homebrew/opt/gmp/lib  -arch arm64   -lruby.3.3  -lpthread  "
checked program was:
/* begin */
1: #include "ruby.h"
2: 
3: int main(int argc, char **argv)
4: {
5:   return !!argv[argc];
6: }
/* end */

DYLD_LIBRARY_PATH=.:/Users/yosefhamza/.local/share/mise/installs/ruby/3.3.10/lib "clang -o conftest -I/Users/yosefhamza/.local/share/mise/installs/ruby/3.3.10/include/ruby-3.3.0/arm64-darwin24 -I/Users/yosefhamza/.local/share/mise/installs/ruby/3.3.10/include/ruby-3.3.0/ruby/backward -I/Users/yosefhamza/.local/share/mise/installs/ruby/3.3.10/include/ruby-3.3.0 -I. -D_XOPEN_SOURCE -D_DARWIN_C_SOURCE -D_DARWIN_UNLIMITED_SELECT -D_REENTRANT   -fdeclspec -O3 -fno-fast-math -ggdb3 -Wall -Wextra -Wextra-tokens -Wdeprecated-declarations -Wdivision-by-zero -Wdiv-by-zero -Wimplicit-function-declaration -Wimplicit-int -Wpointer-arith -Wshorten-64-to-32 -Wwrite-strings -Wold-style-definition -Wmissing-noreturn -Wno-cast-function-type -Wno-constant-logical-operand -Wno-long-long -Wno-missing-field-initializers -Wno-overlength-strings -Wno-parentheses-equality -Wno-self-assign -Wno-tautological-compare -Wno-unused-parameter -Wno-unused-value -Wunused-variable -Wmisleading-indentation -Wundef -fno-common -pipe conftest.c  -L. -L/Users/yosefhamza/.local/share/mise/installs/ruby/3.3.10/lib -L. -fstack-protector-strong -L/opt/homebrew/opt/gmp/lib  -arch arm64   -lruby.3.3 -L/Users/yosefhamza/Repos/codetime/codetime-server/vendor/bundle/ruby/3.3.0/gems/sqlite3-2.9.0/ports/arm64-apple-darwin24.6.0/sqlite3/3.51.1/lib -lsqlite3 -lpthread  "
checked program was:
/* begin */
1: #include "ruby.h"
2: 
3: int main(int argc, char **argv)
4: {
5:   return !!argv[argc];
6: }
/* end */

DYLD_LIBRARY_PATH=.:/Users/yosefhamza/.local/share/mise/installs/ruby/3.3.10/lib pkg-config --cflags-only-I /Users/yosefhamza/Repos/codetime/codetime-server/vendor/bundle/ruby/3.3.0/gems/sqlite3-2.9.0/ports/arm64-apple-darwin24.6.0/sqlite3/3.51.1/lib/pkgconfig/sqlite3.pc |
=> "-I/Users/yosefhamza/Repos/codetime/codetime-server/vendor/bundle/ruby/3.3.0/gems/sqlite3-2.9.0/ports/arm64-apple-darwin24.6.0/sqlite3/3.51.1/include\n"
DYLD_LIBRARY_PATH=.:/Users/yosefhamza/.local/share/mise/installs/ruby/3.3.10/lib pkg-config --cflags-only-other /Users/yosefhamza/Repos/codetime/codetime-server/vendor/bundle/ruby/3.3.0/gems/sqlite3-2.9.0/ports/arm64-apple-darwin24.6.0/sqlite3/3.51.1/lib/pkgconfig/sqlite3.pc |
=> "\n"
DYLD_LIBRARY_PATH=.:/Users/yosefhamza/.local/share/mise/installs/ruby/3.3.10/lib pkg-config --libs-only-l /Users/yosefhamza/Repos/codetime/codetime-server/vendor/bundle/ruby/3.3.0/gems/sqlite3-2.9.0/ports/arm64-apple-darwin24.6.0/sqlite3/3.51.1/lib/pkgconfig/sqlite3.pc |
=> "-lsqlite3\n"
package configuration for /Users/yosefhamza/Repos/codetime/codetime-server/vendor/bundle/ruby/3.3.0/gems/sqlite3-2.9.0/ports/arm64-apple-darwin24.6.0/sqlite3/3.51.1/lib/pkgconfig/sqlite3.pc
incflags: -I/Users/yosefhamza/Repos/codetime/codetime-server/vendor/bundle/ruby/3.3.0/gems/sqlite3-2.9.0/ports/arm64-apple-darwin24.6.0/sqlite3/3.51.1/include
cflags: 
ldflags: -L/Users/yosefhamza/Repos/codetime/codetime-server/vendor/bundle/ruby/3.3.0/gems/sqlite3-2.9.0/ports/arm64-apple-darwin24.6.0/sqlite3/3.51.1/lib
libs: -lsqlite3

--------------------

DYLD_LIBRARY_PATH=.:/Users/yosefhamza/.local/share/mise/installs/ruby/3.3.10/lib pkg-config --libs --static /Users/yosefhamza/Repos/codetime/codetime-server/vendor/bundle/ruby/3.3.0/gems/sqlite3-2.9.0/ports/arm64-apple-darwin24.6.0/sqlite3/3.51.1/lib/pkgconfig/sqlite3.pc |
append_ldflags: checking for whether -L/Users/yosefhamza/Repos/codetime/codetime-server/vendor/bundle/ruby/3.3.0/gems/sqlite3-2.9.0/ports/arm64-apple-darwin24.6.0/sqlite3/3.51.1/lib is accepted as LDFLAGS... -------------------- yes

DYLD_LIBRARY_PATH=.:/Users/yosefhamza/.local/share/mise/installs/ruby/3.3.10/lib "clang -o conftest -I/Users/yosefhamza/.local/share/mise/installs/ruby/3.3.10/include/ruby-3.3.0/arm64-darwin24 -I/Users/yosefhamza/.local/share/mise/installs/ruby/3.3.10/include/ruby-3.3.0/ruby/backward -I/Users/yosefhamza/.local/share/mise/installs/ruby/3.3.10/include/ruby-3.3.0 -I. -I/Users/yosefhamza/Repos/codetime/codetime-server/vendor/bundle/ruby/3.3.0/gems/sqlite3-2.9.0/ports/arm64-apple-darwin24.6.0/sqlite3/3.51.1/include -D_XOPEN_SOURCE -D_DARWIN_C_SOURCE -D_DARWIN_UNLIMITED_SELECT -D_REENTRANT   -fdeclspec -O3 -fno-fast-math -ggdb3 -Wall -Wextra -Wextra-tokens -Wdeprecated-declarations -Wdivision-by-zero -Wdiv-by-zero -Wimplicit-function-declaration -Wimplicit-int -Wpointer-arith -Wshorten-64-to-32 -Wwrite-strings -Wold-style-definition -Wmissing-noreturn -Wno-cast-function-type -Wno-constant-logical-operand -Wno-long-long -Wno-missing-field-initializers -Wno-overlength-strings -Wno-parentheses-equality -Wno-self-assign -Wno-tautological-compare -Wno-unused-parameter -Wno-unused-value -Wunused-variable -Wmisleading-indentation -Wundef -fno-common -pipe  conftest.c  -L. -L/Users/yosefhamza/.local/share/mise/installs/ruby/3.3.10/lib -L. -fstack-protector-strong -L/opt/homebrew/opt/gmp/lib -L/Users/yosefhamza/Repos/codetime/codetime-server/vendor/bundle/ruby/3.3.0/gems/sqlite3-2.9.0/ports/arm64-apple-darwin24.6.0/sqlite3/3.51.1/lib  -arch arm64   -lsqlite3 -lruby.3.3 -L/Users/yosefhamza/Repos/codetime/codetime-server/vendor/bundle/ruby/3.3.0/gems/sqlite3-2.9.0/ports/arm64-apple-darwin24.6.0/sqlite3/3.51.1/lib -lpthread  "
checked program was:
/* begin */
1: #include "ruby.h"
2: 
3: int main(int argc, char **argv)
4: {
5:   return !!argv[argc];
6: }
/* end */

--------------------

append_ldflags: checking for whether -lsqlite3 is accepted as LDFLAGS... -------------------- yes

DYLD_LIBRARY_PATH=.:/Users/yosefhamza/.local/share/mise/installs/ruby/3.3.10/lib "clang -o conftest -I/Users/yosefhamza/.local/share/mise/installs/ruby/3.3.10/include/ruby-3.3.0/arm64-darwin24 -I/Users/yosefhamza/.local/share/mise/installs/ruby/3.3.10/include/ruby-3.3.0/ruby/backward -I/Users/yosefhamza/.local/share/mise/installs/ruby/3.3.10/include/ruby-3.3.0 -I. -I/Users/yosefhamza/Repos/codetime/codetime-server/vendor/bundle/ruby/3.3.0/gems/sqlite3-2.9.0/ports/arm64-apple-darwin24.6.0/sqlite3/3.51.1/include -D_XOPEN_SOURCE -D_DARWIN_C_SOURCE -D_DARWIN_UNLIMITED_SELECT -D_REENTRANT   -fdeclspec -O3 -fno-fast-math -ggdb3 -Wall -Wextra -Wextra-tokens -Wdeprecated-declarations -Wdivision-by-zero -Wdiv-by-zero -Wimplicit-function-declaration -Wimplicit-int -Wpointer-arith -Wshorten-64-to-32 -Wwrite-strings -Wold-style-definition -Wmissing-noreturn -Wno-cast-function-type -Wno-constant-logical-operand -Wno-long-long -Wno-missing-field-initializers -Wno-overlength-strings -Wno-parentheses-equality -Wno-self-assign -Wno-tautological-compare -Wno-unused-parameter -Wno-unused-value -Wunused-variable -Wmisleading-indentation -Wundef -fno-common -pipe  conftest.c  -L. -L/Users/yosefhamza/.local/share/mise/installs/ruby/3.3.10/lib -L. -fstack-protector-strong -L/opt/homebrew/opt/gmp/lib -L/Users/yosefhamza/Repos/codetime/codetime-server/vendor/bundle/ruby/3.3.0/gems/sqlite3-2.9.0/ports/arm64-apple-darwin24.6.0/sqlite3/3.51.1/lib -L/Users/yosefhamza/Repos/codetime/codetime-server/vendor/bundle/ruby/3.3.0/gems/sqlite3-2.9.0/ports/arm64-apple-darwin24.6.0/sqlite3/3.51.1/lib  -arch arm64   -lsqlite3 -lruby.3.3 -lsqlite3 -lpthread  "
ld: warning: ignoring duplicate libraries: '-lsqlite3'
checked program was:
/* begin */
1: #include "ruby.h"
2: 
3: int main(int argc, char **argv)
4: {
5:   return !!argv[argc];
6: }
/* end */

--------------------

append_ldflags: checking for whether -lz is accepted as LDFLAGS... -------------------- yes

DYLD_LIBRARY_PATH=.:/Users/yosefhamza/.local/share/mise/installs/ruby/3.3.10/lib "clang -o conftest -I/Users/yosefhamza/.local/share/mise/installs/ruby/3.3.10/include/ruby-3.3.0/arm64-darwin24 -I/Users/yosefhamza/.local/share/mise/installs/ruby/3.3.10/include/ruby-3.3.0/ruby/backward -I/Users/yosefhamza/.local/share/mise/installs/ruby/3.3.10/include/ruby-3.3.0 -I. -I/Users/yosefhamza/Repos/codetime/codetime-server/vendor/bundle/ruby/3.3.0/gems/sqlite3-2.9.0/ports/arm64-apple-darwin24.6.0/sqlite3/3.51.1/include -D_XOPEN_SOURCE -D_DARWIN_C_SOURCE -D_DARWIN_UNLIMITED_SELECT -D_REENTRANT   -fdeclspec -O3 -fno-fast-math -ggdb3 -Wall -Wextra -Wextra-tokens -Wdeprecated-declarations -Wdivision-by-zero -Wdiv-by-zero -Wimplicit-function-declaration -Wimplicit-int -Wpointer-arith -Wshorten-64-to-32 -Wwrite-strings -Wold-style-definition -Wmissing-noreturn -Wno-cast-function-type -Wno-constant-logical-operand -Wno-long-long -Wno-missing-field-initializers -Wno-overlength-strings -Wno-parentheses-equality -Wno-self-assign -Wno-tautological-compare -Wno-unused-parameter -Wno-unused-value -Wunused-variable -Wmisleading-indentation -Wundef -fno-common -pipe  conftest.c  -L. -L/Users/yosefhamza/.local/share/mise/installs/ruby/3.3.10/lib -L. -fstack-protector-strong -L/opt/homebrew/opt/gmp/lib -L/Users/yosefhamza/Repos/codetime/codetime-server/vendor/bundle/ruby/3.3.0/gems/sqlite3-2.9.0/ports/arm64-apple-darwin24.6.0/sqlite3/3.51.1/lib -L/Users/yosefhamza/Repos/codetime/codetime-server/vendor/bundle/ruby/3.3.0/gems/sqlite3-2.9.0/ports/arm64-apple-darwin24.6.0/sqlite3/3.51.1/lib -lsqlite3  -arch arm64   -lsqlite3 -lruby.3.3 -lz -lpthread  "
ld: warning: ignoring duplicate libraries: '-lsqlite3'
checked program was:
/* begin */
1: #include "ruby.h"
2: 
3: int main(int argc, char **argv)
4: {
5:   return !!argv[argc];
6: }
/* end */

--------------------

append_cppflags: checking for whether -DUSING_PACKAGED_LIBRARIES is accepted as CPPFLAGS... -------------------- yes

DYLD_LIBRARY_PATH=.:/Users/yosefhamza/.local/share/mise/installs/ruby/3.3.10/lib "clang -I/Users/yosefhamza/.local/share/mise/installs/ruby/3.3.10/include/ruby-3.3.0/arm64-darwin24 -I/Users/yosefhamza/.local/share/mise/installs/ruby/3.3.10/include/ruby-3.3.0/ruby/backward -I/Users/yosefhamza/.local/share/mise/installs/ruby/3.3.10/include/ruby-3.3.0 -I. -I/Users/yosefhamza/Repos/codetime/codetime-server/vendor/bundle/ruby/3.3.0/gems/sqlite3-2.9.0/ports/arm64-apple-darwin24.6.0/sqlite3/3.51.1/include -D_XOPEN_SOURCE -D_DARWIN_C_SOURCE -D_DARWIN_UNLIMITED_SELECT -D_REENTRANT   -fdeclspec -O3 -fno-fast-math -ggdb3 -Wall -Wextra -Wextra-tokens -Wdeprecated-declarations -Wdivision-by-zero -Wdiv-by-zero -Wimplicit-function-declaration -Wimplicit-int -Wpointer-arith -Wshorten-64-to-32 -Wwrite-strings -Wold-style-definition -Wmissing-noreturn -Wno-cast-function-type -Wno-constant-logical-operand -Wno-long-long -Wno-missing-field-initializers -Wno-overlength-strings -Wno-parentheses-equality -Wno-self-assign -Wno-tautological-compare -Wno-unused-parameter -Wno-unused-value -Wunused-variable -Wmisleading-indentation -Wundef -fno-common -pipe  -arch arm64 -DUSING_PACKAGED_LIBRARIES -Werror -c conftest.c"
checked program was:
/* begin */
1: #include "ruby.h"
2: 
3: int main(int argc, char **argv)
4: {
5:   return !!argv[argc];
6: }
/* end */

--------------------

append_cflags: checking for whether -fvisibility=hidden is accepted as CFLAGS... -------------------- yes

DYLD_LIBRARY_PATH=.:/Users/yosefhamza/.local/share/mise/installs/ruby/3.3.10/lib "clang -I/Users/yosefhamza/.local/share/mise/installs/ruby/3.3.10/include/ruby-3.3.0/arm64-darwin24 -I/Users/yosefhamza/.local/share/mise/installs/ruby/3.3.10/include/ruby-3.3.0/ruby/backward -I/Users/yosefhamza/.local/share/mise/installs/ruby/3.3.10/include/ruby-3.3.0 -I. -I/Users/yosefhamza/Repos/codetime/codetime-server/vendor/bundle/ruby/3.3.0/gems/sqlite3-2.9.0/ports/arm64-apple-darwin24.6.0/sqlite3/3.51.1/include -D_XOPEN_SOURCE -D_DARWIN_C_SOURCE -D_DARWIN_UNLIMITED_SELECT -D_REENTRANT   -DUSING_PACKAGED_LIBRARIES -fdeclspec -O3 -fno-fast-math -ggdb3 -Wall -Wextra -Wextra-tokens -Wdeprecated-declarations -Wdivision-by-zero -Wdiv-by-zero -Wimplicit-function-declaration -Wimplicit-int -Wpointer-arith -Wshorten-64-to-32 -Wwrite-strings -Wold-style-definition -Wmissing-noreturn -Wno-cast-function-type -Wno-constant-logical-operand -Wno-long-long -Wno-missing-field-initializers -Wno-overlength-strings -Wno-parentheses-equality -Wno-self-assign -Wno-tautological-compare -Wno-unused-parameter -Wno-unused-value -Wunused-variable -Wmisleading-indentation -Wundef -fno-common -pipe  -arch arm64 -fvisibility=hidden -Werror -c conftest.c"
checked program was:
/* begin */
1: #include "ruby.h"
2: 
3: int main(int argc, char **argv)
4: {
5:   return !!argv[argc];
6: }
/* end */

--------------------

find_header: checking for sqlite3.h... -------------------- yes

DYLD_LIBRARY_PATH=.:/Users/yosefhamza/.local/share/mise/installs/ruby/3.3.10/lib "clang -I/Users/yosefhamza/.local/share/mise/installs/ruby/3.3.10/include/ruby-3.3.0/arm64-darwin24 -I/Users/yosefhamza/.local/share/mise/installs/ruby/3.3.10/include/ruby-3.3.0/ruby/backward -I/Users/yosefhamza/.local/share/mise/installs/ruby/3.3.10/include/ruby-3.3.0 -I. -I/Users/yosefhamza/Repos/codetime/codetime-server/vendor/bundle/ruby/3.3.0/gems/sqlite3-2.9.0/ports/arm64-apple-darwin24.6.0/sqlite3/3.51.1/include -D_XOPEN_SOURCE -D_DARWIN_C_SOURCE -D_DARWIN_UNLIMITED_SELECT -D_REENTRANT   -DUSING_PACKAGED_LIBRARIES -fdeclspec -O3 -fno-fast-math -ggdb3 -Wall -Wextra -Wextra-tokens -Wdeprecated-declarations -Wdivision-by-zero -Wdiv-by-zero -Wimplicit-function-declaration -Wimplicit-int -Wpointer-arith -Wshorten-64-to-32 -Wwrite-strings -Wold-style-definition -Wmissing-noreturn -Wno-cast-function-type -Wno-constant-logical-operand -Wno-long-long -Wno-missing-field-initializers -Wno-overlength-strings -Wno-parentheses-equality -Wno-self-assign -Wno-tautological-compare -Wno-unused-parameter -Wno-unused-value -Wunused-variable -Wmisleading-indentation -Wundef -fno-common -pipe  -fvisibility=hidden -arch arm64  -c conftest.c"
checked program was:
/* begin */
1: #include "ruby.h"
2: 
3: #include <sqlite3.h>
/* end */

--------------------

find_library: checking for sqlite3_libversion_number() in -lsqlite3... -------------------- yes

DYLD_LIBRARY_PATH=.:/Users/yosefhamza/.local/share/mise/installs/ruby/3.3.10/lib "clang -o conftest -I/Users/yosefhamza/.local/share/mise/installs/ruby/3.3.10/include/ruby-3.3.0/arm64-darwin24 -I/Users/yosefhamza/.local/share/mise/installs/ruby/3.3.10/include/ruby-3.3.0/ruby/backward -I/Users/yosefhamza/.local/share/mise/installs/ruby/3.3.10/include/ruby-3.3.0 -I. -I/Users/yosefhamza/Repos/codetime/codetime-server/vendor/bundle/ruby/3.3.0/gems/sqlite3-2.9.0/ports/arm64-apple-darwin24.6.0/sqlite3/3.51.1/include -D_XOPEN_SOURCE -D_DARWIN_C_SOURCE -D_DARWIN_UNLIMITED_SELECT -D_REENTRANT   -DUSING_PACKAGED_LIBRARIES -fdeclspec -O3 -fno-fast-math -ggdb3 -Wall -Wextra -Wextra-tokens -Wdeprecated-declarations -Wdivision-by-zero -Wdiv-by-zero -Wimplicit-function-declaration -Wimplicit-int -Wpointer-arith -Wshorten-64-to-32 -Wwrite-strings -Wold-style-definition -Wmissing-noreturn -Wno-cast-function-type -Wno-constant-logical-operand -Wno-long-long -Wno-missing-field-initializers -Wno-overlength-strings -Wno-parentheses-equality -Wno-self-assign -Wno-tautological-compare -Wno-unused-parameter -Wno-unused-value -Wunused-variable -Wmisleading-indentation -Wundef -fno-common -pipe  -fvisibility=hidden conftest.c  -L. -L/Users/yosefhamza/.local/share/mise/installs/ruby/3.3.10/lib -L. -fstack-protector-strong -L/opt/homebrew/opt/gmp/lib -L/Users/yosefhamza/Repos/codetime/codetime-server/vendor/bundle/ruby/3.3.0/gems/sqlite3-2.9.0/ports/arm64-apple-darwin24.6.0/sqlite3/3.51.1/lib -L/Users/yosefhamza/Repos/codetime/codetime-server/vendor/bundle/ruby/3.3.0/gems/sqlite3-2.9.0/ports/arm64-apple-darwin24.6.0/sqlite3/3.51.1/lib -lsqlite3 -lz  -arch arm64   -lsqlite3 -lruby.3.3 -lsqlite3  -lsqlite3 -lpthread  "
conftest.c:14:57: error: use of undeclared identifier 'sqlite3_libversion_number'
   14 | int t(void) { void ((*volatile p)()); p = (void ((*)()))sqlite3_libversion_number; return !p; }
      |                                                         ^
1 error generated.
checked program was:
/* begin */
 1: #include "ruby.h"
 2: 
 3: /*top*/
 4: extern int t(void);
 5: int main(int argc, char **argv)
 6: {
 7:   if (argc > 1000000) {
 8:     int (* volatile tp)(void)=(int (*)(void))&t;
 9:     printf("%d", (*tp)());
10:   }
11: 
12:   return !!argv[argc];
13: }
14: int t(void) { void ((*volatile p)()); p = (void ((*)()))sqlite3_libversion_number; return !p; }
/* end */

DYLD_LIBRARY_PATH=.:/Users/yosefhamza/.local/share/mise/installs/ruby/3.3.10/lib "clang -o conftest -I/Users/yosefhamza/.local/share/mise/installs/ruby/3.3.10/include/ruby-3.3.0/arm64-darwin24 -I/Users/yosefhamza/.local/share/mise/installs/ruby/3.3.10/include/ruby-3.3.0/ruby/backward -I/Users/yosefhamza/.local/share/mise/installs/ruby/3.3.10/include/ruby-3.3.0 -I. -I/Users/yosefhamza/Repos/codetime/codetime-server/vendor/bundle/ruby/3.3.0/gems/sqlite3-2.9.0/ports/arm64-apple-darwin24.6.0/sqlite3/3.51.1/include -D_XOPEN_SOURCE -D_DARWIN_C_SOURCE -D_DARWIN_UNLIMITED_SELECT -D_REENTRANT   -DUSING_PACKAGED_LIBRARIES -fdeclspec -O3 -fno-fast-math -ggdb3 -Wall -Wextra -Wextra-tokens -Wdeprecated-declarations -Wdivision-by-zero -Wdiv-by-zero -Wimplicit-function-declaration -Wimplicit-int -Wpointer-arith -Wshorten-64-to-32 -Wwrite-strings -Wold-style-definition -Wmissing-noreturn -Wno-cast-function-type -Wno-constant-logical-operand -Wno-long-long -Wno-missing-field-initializers -Wno-overlength-strings -Wno-parentheses-equality -Wno-self-assign -Wno-tautological-compare -Wno-unused-parameter -Wno-unused-value -Wunused-variable -Wmisleading-indentation -Wundef -fno-common -pipe  -fvisibility=hidden conftest.c  -L. -L/Users/yosefhamza/.local/share/mise/installs/ruby/3.3.10/lib -L. -fstack-protector-strong -L/opt/homebrew/opt/gmp/lib -L/Users/yosefhamza/Repos/codetime/codetime-server/vendor/bundle/ruby/3.3.0/gems/sqlite3-2.9.0/ports/arm64-apple-darwin24.6.0/sqlite3/3.51.1/lib -L/Users/yosefhamza/Repos/codetime/codetime-server/vendor/bundle/ruby/3.3.0/gems/sqlite3-2.9.0/ports/arm64-apple-darwin24.6.0/sqlite3/3.51.1/lib -lsqlite3 -lz  -arch arm64   -lsqlite3 -lruby.3.3 -lsqlite3  -lsqlite3 -lpthread  "
ld: warning: ignoring duplicate libraries: '-lsqlite3'
checked program was:
/* begin */
 1: #include "ruby.h"
 2: 
 3: /*top*/
 4: extern int t(void);
 5: int main(int argc, char **argv)
 6: {
 7:   if (argc > 1000000) {
 8:     int (* volatile tp)(void)=(int (*)(void))&t;
 9:     printf("%d", (*tp)());
10:   }
11: 
12:   return !!argv[argc];
13: }
14: extern void sqlite3_libversion_number();
15: int t(void) { sqlite3_libversion_number(); return 0; }
/* end */

--------------------

have_func: checking for rb_enc_interned_str_cstr()... -------------------- yes

DYLD_LIBRARY_PATH=.:/Users/yosefhamza/.local/share/mise/installs/ruby/3.3.10/lib "clang -o conftest -I/Users/yosefhamza/.local/share/mise/installs/ruby/3.3.10/include/ruby-3.3.0/arm64-darwin24 -I/Users/yosefhamza/.local/share/mise/installs/ruby/3.3.10/include/ruby-3.3.0/ruby/backward -I/Users/yosefhamza/.local/share/mise/installs/ruby/3.3.10/include/ruby-3.3.0 -I. -I/Users/yosefhamza/Repos/codetime/codetime-server/vendor/bundle/ruby/3.3.0/gems/sqlite3-2.9.0/ports/arm64-apple-darwin24.6.0/sqlite3/3.51.1/include -D_XOPEN_SOURCE -D_DARWIN_C_SOURCE -D_DARWIN_UNLIMITED_SELECT -D_REENTRANT   -DUSING_PACKAGED_LIBRARIES -fdeclspec -O3 -fno-fast-math -ggdb3 -Wall -Wextra -Wextra-tokens -Wdeprecated-declarations -Wdivision-by-zero -Wdiv-by-zero -Wimplicit-function-declaration -Wimplicit-int -Wpointer-arith -Wshorten-64-to-32 -Wwrite-strings -Wold-style-definition -Wmissing-noreturn -Wno-cast-function-type -Wno-constant-logical-operand -Wno-long-long -Wno-missing-field-initializers -Wno-overlength-strings -Wno-parentheses-equality -Wno-self-assign -Wno-tautological-compare -Wno-unused-parameter -Wno-unused-value -Wunused-variable -Wmisleading-indentation -Wundef -fno-common -pipe  -fvisibility=hidden conftest.c  -L. -L/Users/yosefhamza/.local/share/mise/installs/ruby/3.3.10/lib -L. -fstack-protector-strong -L/opt/homebrew/opt/gmp/lib -L/Users/yosefhamza/Repos/codetime/codetime-server/vendor/bundle/ruby/3.3.0/gems/sqlite3-2.9.0/ports/arm64-apple-darwin24.6.0/sqlite3/3.51.1/lib -L/Users/yosefhamza/Repos/codetime/codetime-server/vendor/bundle/ruby/3.3.0/gems/sqlite3-2.9.0/ports/arm64-apple-darwin24.6.0/sqlite3/3.51.1/lib -lsqlite3 -lz  -arch arm64  -lsqlite3  -lsqlite3 -lruby.3.3 -lsqlite3  -lsqlite3 -lpthread  "
conftest.c:14:57: error: use of undeclared identifier 'rb_enc_interned_str_cstr'
   14 | int t(void) { void ((*volatile p)()); p = (void ((*)()))rb_enc_interned_str_cstr; return !p; }
      |                                                         ^
1 error generated.
checked program was:
/* begin */
 1: #include "ruby.h"
 2: 
 3: /*top*/
 4: extern int t(void);
 5: int main(int argc, char **argv)
 6: {
 7:   if (argc > 1000000) {
 8:     int (* volatile tp)(void)=(int (*)(void))&t;
 9:     printf("%d", (*tp)());
10:   }
11: 
12:   return !!argv[argc];
13: }
14: int t(void) { void ((*volatile p)()); p = (void ((*)()))rb_enc_interned_str_cstr; return !p; }
/* end */

DYLD_LIBRARY_PATH=.:/Users/yosefhamza/.local/share/mise/installs/ruby/3.3.10/lib "clang -o conftest -I/Users/yosefhamza/.local/share/mise/installs/ruby/3.3.10/include/ruby-3.3.0/arm64-darwin24 -I/Users/yosefhamza/.local/share/mise/installs/ruby/3.3.10/include/ruby-3.3.0/ruby/backward -I/Users/yosefhamza/.local/share/mise/installs/ruby/3.3.10/include/ruby-3.3.0 -I. -I/Users/yosefhamza/Repos/codetime/codetime-server/vendor/bundle/ruby/3.3.0/gems/sqlite3-2.9.0/ports/arm64-apple-darwin24.6.0/sqlite3/3.51.1/include -D_XOPEN_SOURCE -D_DARWIN_C_SOURCE -D_DARWIN_UNLIMITED_SELECT -D_REENTRANT   -DUSING_PACKAGED_LIBRARIES -fdeclspec -O3 -fno-fast-math -ggdb3 -Wall -Wextra -Wextra-tokens -Wdeprecated-declarations -Wdivision-by-zero -Wdiv-by-zero -Wimplicit-function-declaration -Wimplicit-int -Wpointer-arith -Wshorten-64-to-32 -Wwrite-strings -Wold-style-definition -Wmissing-noreturn -Wno-cast-function-type -Wno-constant-logical-operand -Wno-long-long -Wno-missing-field-initializers -Wno-overlength-strings -Wno-parentheses-equality -Wno-self-assign -Wno-tautological-compare -Wno-unused-parameter -Wno-unused-value -Wunused-variable -Wmisleading-indentation -Wundef -fno-common -pipe  -fvisibility=hidden conftest.c  -L. -L/Users/yosefhamza/.local/share/mise/installs/ruby/3.3.10/lib -L. -fstack-protector-strong -L/opt/homebrew/opt/gmp/lib -L/Users/yosefhamza/Repos/codetime/codetime-server/vendor/bundle/ruby/3.3.0/gems/sqlite3-2.9.0/ports/arm64-apple-darwin24.6.0/sqlite3/3.51.1/lib -L/Users/yosefhamza/Repos/codetime/codetime-server/vendor/bundle/ruby/3.3.0/gems/sqlite3-2.9.0/ports/arm64-apple-darwin24.6.0/sqlite3/3.51.1/lib -lsqlite3 -lz  -arch arm64  -lsqlite3  -lsqlite3 -lruby.3.3 -lsqlite3  -lsqlite3 -lpthread  "
ld: warning: ignoring duplicate libraries: '-lsqlite3'
checked program was:
/* begin */
 1: #include "ruby.h"
 2: 
 3: /*top*/
 4: extern int t(void);
 5: int main(int argc, char **argv)
 6: {
 7:   if (argc > 1000000) {
 8:     int (* volatile tp)(void)=(int (*)(void))&t;
 9:     printf("%d", (*tp)());
10:   }
11: 
12:   return !!argv[argc];
13: }
14: extern void rb_enc_interned_str_cstr();
15: int t(void) { rb_enc_interned_str_cstr(); return 0; }
/* end */

--------------------

have_func: checking for rb_proc_arity()... -------------------- yes

DYLD_LIBRARY_PATH=.:/Users/yosefhamza/.local/share/mise/installs/ruby/3.3.10/lib "clang -o conftest -I/Users/yosefhamza/.local/share/mise/installs/ruby/3.3.10/include/ruby-3.3.0/arm64-darwin24 -I/Users/yosefhamza/.local/share/mise/installs/ruby/3.3.10/include/ruby-3.3.0/ruby/backward -I/Users/yosefhamza/.local/share/mise/installs/ruby/3.3.10/include/ruby-3.3.0 -I. -I/Users/yosefhamza/Repos/codetime/codetime-server/vendor/bundle/ruby/3.3.0/gems/sqlite3-2.9.0/ports/arm64-apple-darwin24.6.0/sqlite3/3.51.1/include -D_XOPEN_SOURCE -D_DARWIN_C_SOURCE -D_DARWIN_UNLIMITED_SELECT -D_REENTRANT   -DUSING_PACKAGED_LIBRARIES -fdeclspec -O3 -fno-fast-math -ggdb3 -Wall -Wextra -Wextra-tokens -Wdeprecated-declarations -Wdivision-by-zero -Wdiv-by-zero -Wimplicit-function-declaration -Wimplicit-int -Wpointer-arith -Wshorten-64-to-32 -Wwrite-strings -Wold-style-definition -Wmissing-noreturn -Wno-cast-function-type -Wno-constant-logical-operand -Wno-long-long -Wno-missing-field-initializers -Wno-overlength-strings -Wno-parentheses-equality -Wno-self-assign -Wno-tautological-compare -Wno-unused-parameter -Wno-unused-value -Wunused-variable -Wmisleading-indentation -Wundef -fno-common -pipe  -fvisibility=hidden conftest.c  -L. -L/Users/yosefhamza/.local/share/mise/installs/ruby/3.3.10/lib -L. -fstack-protector-strong -L/opt/homebrew/opt/gmp/lib -L/Users/yosefhamza/Repos/codetime/codetime-server/vendor/bundle/ruby/3.3.0/gems/sqlite3-2.9.0/ports/arm64-apple-darwin24.6.0/sqlite3/3.51.1/lib -L/Users/yosefhamza/Repos/codetime/codetime-server/vendor/bundle/ruby/3.3.0/gems/sqlite3-2.9.0/ports/arm64-apple-darwin24.6.0/sqlite3/3.51.1/lib -lsqlite3 -lz  -arch arm64  -lsqlite3  -lsqlite3 -lruby.3.3 -lsqlite3  -lsqlite3 -lpthread  "
ld: warning: ignoring duplicate libraries: '-lsqlite3'
checked program was:
/* begin */
 1: #include "ruby.h"
 2: 
 3: /*top*/
 4: extern int t(void);
 5: int main(int argc, char **argv)
 6: {
 7:   if (argc > 1000000) {
 8:     int (* volatile tp)(void)=(int (*)(void))&t;
 9:     printf("%d", (*tp)());
10:   }
11: 
12:   return !!argv[argc];
13: }
14: int t(void) { void ((*volatile p)()); p = (void ((*)()))rb_proc_arity; return !p; }
/* end */

--------------------

have_func: checking for rb_integer_pack()... -------------------- yes

DYLD_LIBRARY_PATH=.:/Users/yosefhamza/.local/share/mise/installs/ruby/3.3.10/lib "clang -o conftest -I/Users/yosefhamza/.local/share/mise/installs/ruby/3.3.10/include/ruby-3.3.0/arm64-darwin24 -I/Users/yosefhamza/.local/share/mise/installs/ruby/3.3.10/include/ruby-3.3.0/ruby/backward -I/Users/yosefhamza/.local/share/mise/installs/ruby/3.3.10/include/ruby-3.3.0 -I. -I/Users/yosefhamza/Repos/codetime/codetime-server/vendor/bundle/ruby/3.3.0/gems/sqlite3-2.9.0/ports/arm64-apple-darwin24.6.0/sqlite3/3.51.1/include -D_XOPEN_SOURCE -D_DARWIN_C_SOURCE -D_DARWIN_UNLIMITED_SELECT -D_REENTRANT   -DUSING_PACKAGED_LIBRARIES -fdeclspec -O3 -fno-fast-math -ggdb3 -Wall -Wextra -Wextra-tokens -Wdeprecated-declarations -Wdivision-by-zero -Wdiv-by-zero -Wimplicit-function-declaration -Wimplicit-int -Wpointer-arith -Wshorten-64-to-32 -Wwrite-strings -Wold-style-definition -Wmissing-noreturn -Wno-cast-function-type -Wno-constant-logical-operand -Wno-long-long -Wno-missing-field-initializers -Wno-overlength-strings -Wno-parentheses-equality -Wno-self-assign -Wno-tautological-compare -Wno-unused-parameter -Wno-unused-value -Wunused-variable -Wmisleading-indentation -Wundef -fno-common -pipe  -fvisibility=hidden conftest.c  -L. -L/Users/yosefhamza/.local/share/mise/installs/ruby/3.3.10/lib -L. -fstack-protector-strong -L/opt/homebrew/opt/gmp/lib -L/Users/yosefhamza/Repos/codetime/codetime-server/vendor/bundle/ruby/3.3.0/gems/sqlite3-2.9.0/ports/arm64-apple-darwin24.6.0/sqlite3/3.51.1/lib -L/Users/yosefhamza/Repos/codetime/codetime-server/vendor/bundle/ruby/3.3.0/gems/sqlite3-2.9.0/ports/arm64-apple-darwin24.6.0/sqlite3/3.51.1/lib -lsqlite3 -lz  -arch arm64  -lsqlite3  -lsqlite3 -lruby.3.3 -lsqlite3  -lsqlite3 -lpthread  "
ld: warning: ignoring duplicate libraries: '-lsqlite3'
checked program was:
/* begin */
 1: #include "ruby.h"
 2: 
 3: /*top*/
 4: extern int t(void);
 5: int main(int argc, char **argv)
 6: {
 7:   if (argc > 1000000) {
 8:     int (* volatile tp)(void)=(int (*)(void))&t;
 9:     printf("%d", (*tp)());
10:   }
11: 
12:   return !!argv[argc];
13: }
14: int t(void) { void ((*volatile p)()); p = (void ((*)()))rb_integer_pack; return !p; }
/* end */

--------------------

have_func: checking for sqlite3_initialize()... -------------------- yes

DYLD_LIBRARY_PATH=.:/Users/yosefhamza/.local/share/mise/installs/ruby/3.3.10/lib "clang -o conftest -I/Users/yosefhamza/.local/share/mise/installs/ruby/3.3.10/include/ruby-3.3.0/arm64-darwin24 -I/Users/yosefhamza/.local/share/mise/installs/ruby/3.3.10/include/ruby-3.3.0/ruby/backward -I/Users/yosefhamza/.local/share/mise/installs/ruby/3.3.10/include/ruby-3.3.0 -I. -I/Users/yosefhamza/Repos/codetime/codetime-server/vendor/bundle/ruby/3.3.0/gems/sqlite3-2.9.0/ports/arm64-apple-darwin24.6.0/sqlite3/3.51.1/include -D_XOPEN_SOURCE -D_DARWIN_C_SOURCE -D_DARWIN_UNLIMITED_SELECT -D_REENTRANT   -DUSING_PACKAGED_LIBRARIES -fdeclspec -O3 -fno-fast-math -ggdb3 -Wall -Wextra -Wextra-tokens -Wdeprecated-declarations -Wdivision-by-zero -Wdiv-by-zero -Wimplicit-function-declaration -Wimplicit-int -Wpointer-arith -Wshorten-64-to-32 -Wwrite-strings -Wold-style-definition -Wmissing-noreturn -Wno-cast-function-type -Wno-constant-logical-operand -Wno-long-long -Wno-missing-field-initializers -Wno-overlength-strings -Wno-parentheses-equality -Wno-self-assign -Wno-tautological-compare -Wno-unused-parameter -Wno-unused-value -Wunused-variable -Wmisleading-indentation -Wundef -fno-common -pipe  -fvisibility=hidden conftest.c  -L. -L/Users/yosefhamza/.local/share/mise/installs/ruby/3.3.10/lib -L. -fstack-protector-strong -L/opt/homebrew/opt/gmp/lib -L/Users/yosefhamza/Repos/codetime/codetime-server/vendor/bundle/ruby/3.3.0/gems/sqlite3-2.9.0/ports/arm64-apple-darwin24.6.0/sqlite3/3.51.1/lib -L/Users/yosefhamza/Repos/codetime/codetime-server/vendor/bundle/ruby/3.3.0/gems/sqlite3-2.9.0/ports/arm64-apple-darwin24.6.0/sqlite3/3.51.1/lib -lsqlite3 -lz  -arch arm64  -lsqlite3  -lsqlite3 -lruby.3.3 -lsqlite3  -lsqlite3 -lpthread  "
conftest.c:14:57: error: use of undeclared identifier 'sqlite3_initialize'
   14 | int t(void) { void ((*volatile p)()); p = (void ((*)()))sqlite3_initialize; return !p; }
      |                                                         ^
1 error generated.
checked program was:
/* begin */
 1: #include "ruby.h"
 2: 
 3: /*top*/
 4: extern int t(void);
 5: int main(int argc, char **argv)
 6: {
 7:   if (argc > 1000000) {
 8:     int (* volatile tp)(void)=(int (*)(void))&t;
 9:     printf("%d", (*tp)());
10:   }
11: 
12:   return !!argv[argc];
13: }
14: int t(void) { void ((*volatile p)()); p = (void ((*)()))sqlite3_initialize; return !p; }
/* end */

DYLD_LIBRARY_PATH=.:/Users/yosefhamza/.local/share/mise/installs/ruby/3.3.10/lib "clang -o conftest -I/Users/yosefhamza/.local/share/mise/installs/ruby/3.3.10/include/ruby-3.3.0/arm64-darwin24 -I/Users/yosefhamza/.local/share/mise/installs/ruby/3.3.10/include/ruby-3.3.0/ruby/backward -I/Users/yosefhamza/.local/share/mise/installs/ruby/3.3.10/include/ruby-3.3.0 -I. -I/Users/yosefhamza/Repos/codetime/codetime-server/vendor/bundle/ruby/3.3.0/gems/sqlite3-2.9.0/ports/arm64-apple-darwin24.6.0/sqlite3/3.51.1/include -D_XOPEN_SOURCE -D_DARWIN_C_SOURCE -D_DARWIN_UNLIMITED_SELECT -D_REENTRANT   -DUSING_PACKAGED_LIBRARIES -fdeclspec -O3 -fno-fast-math -ggdb3 -Wall -Wextra -Wextra-tokens -Wdeprecated-declarations -Wdivision-by-zero -Wdiv-by-zero -Wimplicit-function-declaration -Wimplicit-int -Wpointer-arith -Wshorten-64-to-32 -Wwrite-strings -Wold-style-definition -Wmissing-noreturn -Wno-cast-function-type -Wno-constant-logical-operand -Wno-long-long -Wno-missing-field-initializers -Wno-overlength-strings -Wno-parentheses-equality -Wno-self-assign -Wno-tautological-compare -Wno-unused-parameter -Wno-unused-value -Wunused-variable -Wmisleading-indentation -Wundef -fno-common -pipe  -fvisibility=hidden conftest.c  -L. -L/Users/yosefhamza/.local/share/mise/installs/ruby/3.3.10/lib -L. -fstack-protector-strong -L/opt/homebrew/opt/gmp/lib -L/Users/yosefhamza/Repos/codetime/codetime-server/vendor/bundle/ruby/3.3.0/gems/sqlite3-2.9.0/ports/arm64-apple-darwin24.6.0/sqlite3/3.51.1/lib -L/Users/yosefhamza/Repos/codetime/codetime-server/vendor/bundle/ruby/3.3.0/gems/sqlite3-2.9.0/ports/arm64-apple-darwin24.6.0/sqlite3/3.51.1/lib -lsqlite3 -lz  -arch arm64  -lsqlite3  -lsqlite3 -lruby.3.3 -lsqlite3  -lsqlite3 -lpthread  "
ld: warning: ignoring duplicate libraries: '-lsqlite3'
checked program was:
/* begin */
 1: #include "ruby.h"
 2: 
 3: /*top*/
 4: extern int t(void);
 5: int main(int argc, char **argv)
 6: {
 7:   if (argc > 1000000) {
 8:     int (* volatile tp)(void)=(int (*)(void))&t;
 9:     printf("%d", (*tp)());
10:   }
11: 
12:   return !!argv[argc];
13: }
14: extern void sqlite3_initialize();
15: int t(void) { sqlite3_initialize(); return 0; }
/* end */

--------------------

have_func: checking for sqlite3_backup_init()... -------------------- yes

DYLD_LIBRARY_PATH=.:/Users/yosefhamza/.local/share/mise/installs/ruby/3.3.10/lib "clang -o conftest -I/Users/yosefhamza/.local/share/mise/installs/ruby/3.3.10/include/ruby-3.3.0/arm64-darwin24 -I/Users/yosefhamza/.local/share/mise/installs/ruby/3.3.10/include/ruby-3.3.0/ruby/backward -I/Users/yosefhamza/.local/share/mise/installs/ruby/3.3.10/include/ruby-3.3.0 -I. -I/Users/yosefhamza/Repos/codetime/codetime-server/vendor/bundle/ruby/3.3.0/gems/sqlite3-2.9.0/ports/arm64-apple-darwin24.6.0/sqlite3/3.51.1/include -D_XOPEN_SOURCE -D_DARWIN_C_SOURCE -D_DARWIN_UNLIMITED_SELECT -D_REENTRANT   -DUSING_PACKAGED_LIBRARIES -fdeclspec -O3 -fno-fast-math -ggdb3 -Wall -Wextra -Wextra-tokens -Wdeprecated-declarations -Wdivision-by-zero -Wdiv-by-zero -Wimplicit-function-declaration -Wimplicit-int -Wpointer-arith -Wshorten-64-to-32 -Wwrite-strings -Wold-style-definition -Wmissing-noreturn -Wno-cast-function-type -Wno-constant-logical-operand -Wno-long-long -Wno-missing-field-initializers -Wno-overlength-strings -Wno-parentheses-equality -Wno-self-assign -Wno-tautological-compare -Wno-unused-parameter -Wno-unused-value -Wunused-variable -Wmisleading-indentation -Wundef -fno-common -pipe  -fvisibility=hidden conftest.c  -L. -L/Users/yosefhamza/.local/share/mise/installs/ruby/3.3.10/lib -L. -fstack-protector-strong -L/opt/homebrew/opt/gmp/lib -L/Users/yosefhamza/Repos/codetime/codetime-server/vendor/bundle/ruby/3.3.0/gems/sqlite3-2.9.0/ports/arm64-apple-darwin24.6.0/sqlite3/3.51.1/lib -L/Users/yosefhamza/Repos/codetime/codetime-server/vendor/bundle/ruby/3.3.0/gems/sqlite3-2.9.0/ports/arm64-apple-darwin24.6.0/sqlite3/3.51.1/lib -lsqlite3 -lz  -arch arm64  -lsqlite3  -lsqlite3 -lruby.3.3 -lsqlite3  -lsqlite3 -lpthread  "
conftest.c:14:57: error: use of undeclared identifier 'sqlite3_backup_init'
   14 | int t(void) { void ((*volatile p)()); p = (void ((*)()))sqlite3_backup_init; return !p; }
      |                                                         ^
1 error generated.
checked program was:
/* begin */
 1: #include "ruby.h"
 2: 
 3: /*top*/
 4: extern int t(void);
 5: int main(int argc, char **argv)
 6: {
 7:   if (argc > 1000000) {
 8:     int (* volatile tp)(void)=(int (*)(void))&t;
 9:     printf("%d", (*tp)());
10:   }
11: 
12:   return !!argv[argc];
13: }
14: int t(void) { void ((*volatile p)()); p = (void ((*)()))sqlite3_backup_init; return !p; }
/* end */

DYLD_LIBRARY_PATH=.:/Users/yosefhamza/.local/share/mise/installs/ruby/3.3.10/lib "clang -o conftest -I/Users/yosefhamza/.local/share/mise/installs/ruby/3.3.10/include/ruby-3.3.0/arm64-darwin24 -I/Users/yosefhamza/.local/share/mise/installs/ruby/3.3.10/include/ruby-3.3.0/ruby/backward -I/Users/yosefhamza/.local/share/mise/installs/ruby/3.3.10/include/ruby-3.3.0 -I. -I/Users/yosefhamza/Repos/codetime/codetime-server/vendor/bundle/ruby/3.3.0/gems/sqlite3-2.9.0/ports/arm64-apple-darwin24.6.0/sqlite3/3.51.1/include -D_XOPEN_SOURCE -D_DARWIN_C_SOURCE -D_DARWIN_UNLIMITED_SELECT -D_REENTRANT   -DUSING_PACKAGED_LIBRARIES -fdeclspec -O3 -fno-fast-math -ggdb3 -Wall -Wextra -Wextra-tokens -Wdeprecated-declarations -Wdivision-by-zero -Wdiv-by-zero -Wimplicit-function-declaration -Wimplicit-int -Wpointer-arith -Wshorten-64-to-32 -Wwrite-strings -Wold-style-definition -Wmissing-noreturn -Wno-cast-function-type -Wno-constant-logical-operand -Wno-long-long -Wno-missing-field-initializers -Wno-overlength-strings -Wno-parentheses-equality -Wno-self-assign -Wno-tautological-compare -Wno-unused-parameter -Wno-unused-value -Wunused-variable -Wmisleading-indentation -Wundef -fno-common -pipe  -fvisibility=hidden conftest.c  -L. -L/Users/yosefhamza/.local/share/mise/installs/ruby/3.3.10/lib -L. -fstack-protector-strong -L/opt/homebrew/opt/gmp/lib -L/Users/yosefhamza/Repos/codetime/codetime-server/vendor/bundle/ruby/3.3.0/gems/sqlite3-2.9.0/ports/arm64-apple-darwin24.6.0/sqlite3/3.51.1/lib -L/Users/yosefhamza/Repos/codetime/codetime-server/vendor/bundle/ruby/3.3.0/gems/sqlite3-2.9.0/ports/arm64-apple-darwin24.6.0/sqlite3/3.51.1/lib -lsqlite3 -lz  -arch arm64  -lsqlite3  -lsqlite3 -lruby.3.3 -lsqlite3  -lsqlite3 -lpthread  "
ld: warning: ignoring duplicate libraries: '-lsqlite3'
checked program was:
/* begin */
 1: #include "ruby.h"
 2: 
 3: /*top*/
 4: extern int t(void);
 5: int main(int argc, char **argv)
 6: {
 7:   if (argc > 1000000) {
 8:     int (* volatile tp)(void)=(int (*)(void))&t;
 9:     printf("%d", (*tp)());
10:   }
11: 
12:   return !!argv[argc];
13: }
14: extern void sqlite3_backup_init();
15: int t(void) { sqlite3_backup_init(); return 0; }
/* end */

--------------------

have_func: checking for sqlite3_column_database_name()... -------------------- no

DYLD_LIBRARY_PATH=.:/Users/yosefhamza/.local/share/mise/installs/ruby/3.3.10/lib "clang -o conftest -I/Users/yosefhamza/.local/share/mise/installs/ruby/3.3.10/include/ruby-3.3.0/arm64-darwin24 -I/Users/yosefhamza/.local/share/mise/installs/ruby/3.3.10/include/ruby-3.3.0/ruby/backward -I/Users/yosefhamza/.local/share/mise/installs/ruby/3.3.10/include/ruby-3.3.0 -I. -I/Users/yosefhamza/Repos/codetime/codetime-server/vendor/bundle/ruby/3.3.0/gems/sqlite3-2.9.0/ports/arm64-apple-darwin24.6.0/sqlite3/3.51.1/include -D_XOPEN_SOURCE -D_DARWIN_C_SOURCE -D_DARWIN_UNLIMITED_SELECT -D_REENTRANT   -DUSING_PACKAGED_LIBRARIES -fdeclspec -O3 -fno-fast-math -ggdb3 -Wall -Wextra -Wextra-tokens -Wdeprecated-declarations -Wdivision-by-zero -Wdiv-by-zero -Wimplicit-function-declaration -Wimplicit-int -Wpointer-arith -Wshorten-64-to-32 -Wwrite-strings -Wold-style-definition -Wmissing-noreturn -Wno-cast-function-type -Wno-constant-logical-operand -Wno-long-long -Wno-missing-field-initializers -Wno-overlength-strings -Wno-parentheses-equality -Wno-self-assign -Wno-tautological-compare -Wno-unused-parameter -Wno-unused-value -Wunused-variable -Wmisleading-indentation -Wundef -fno-common -pipe  -fvisibility=hidden conftest.c  -L. -L/Users/yosefhamza/.local/share/mise/installs/ruby/3.3.10/lib -L. -fstack-protector-strong -L/opt/homebrew/opt/gmp/lib -L/Users/yosefhamza/Repos/codetime/codetime-server/vendor/bundle/ruby/3.3.0/gems/sqlite3-2.9.0/ports/arm64-apple-darwin24.6.0/sqlite3/3.51.1/lib -L/Users/yosefhamza/Repos/codetime/codetime-server/vendor/bundle/ruby/3.3.0/gems/sqlite3-2.9.0/ports/arm64-apple-darwin24.6.0/sqlite3/3.51.1/lib -lsqlite3 -lz  -arch arm64  -lsqlite3  -lsqlite3 -lruby.3.3 -lsqlite3  -lsqlite3 -lpthread  "
conftest.c:14:57: error: use of undeclared identifier 'sqlite3_column_database_name'
   14 | int t(void) { void ((*volatile p)()); p = (void ((*)()))sqlite3_column_database_name; return !p; }
      |                                                         ^
1 error generated.
checked program was:
/* begin */
 1: #include "ruby.h"
 2: 
 3: /*top*/
 4: extern int t(void);
 5: int main(int argc, char **argv)
 6: {
 7:   if (argc > 1000000) {
 8:     int (* volatile tp)(void)=(int (*)(void))&t;
 9:     printf("%d", (*tp)());
10:   }
11: 
12:   return !!argv[argc];
13: }
14: int t(void) { void ((*volatile p)()); p = (void ((*)()))sqlite3_column_database_name; return !p; }
/* end */

DYLD_LIBRARY_PATH=.:/Users/yosefhamza/.local/share/mise/installs/ruby/3.3.10/lib "clang -o conftest -I/Users/yosefhamza/.local/share/mise/installs/ruby/3.3.10/include/ruby-3.3.0/arm64-darwin24 -I/Users/yosefhamza/.local/share/mise/installs/ruby/3.3.10/include/ruby-3.3.0/ruby/backward -I/Users/yosefhamza/.local/share/mise/installs/ruby/3.3.10/include/ruby-3.3.0 -I. -I/Users/yosefhamza/Repos/codetime/codetime-server/vendor/bundle/ruby/3.3.0/gems/sqlite3-2.9.0/ports/arm64-apple-darwin24.6.0/sqlite3/3.51.1/include -D_XOPEN_SOURCE -D_DARWIN_C_SOURCE -D_DARWIN_UNLIMITED_SELECT -D_REENTRANT   -DUSING_PACKAGED_LIBRARIES -fdeclspec -O3 -fno-fast-math -ggdb3 -Wall -Wextra -Wextra-tokens -Wdeprecated-declarations -Wdivision-by-zero -Wdiv-by-zero -Wimplicit-function-declaration -Wimplicit-int -Wpointer-arith -Wshorten-64-to-32 -Wwrite-strings -Wold-style-definition -Wmissing-noreturn -Wno-cast-function-type -Wno-constant-logical-operand -Wno-long-long -Wno-missing-field-initializers -Wno-overlength-strings -Wno-parentheses-equality -Wno-self-assign -Wno-tautological-compare -Wno-unused-parameter -Wno-unused-value -Wunused-variable -Wmisleading-indentation -Wundef -fno-common -pipe  -fvisibility=hidden conftest.c  -L. -L/Users/yosefhamza/.local/share/mise/installs/ruby/3.3.10/lib -L. -fstack-protector-strong -L/opt/homebrew/opt/gmp/lib -L/Users/yosefhamza/Repos/codetime/codetime-server/vendor/bundle/ruby/3.3.0/gems/sqlite3-2.9.0/ports/arm64-apple-darwin24.6.0/sqlite3/3.51.1/lib -L/Users/yosefhamza/Repos/codetime/codetime-server/vendor/bundle/ruby/3.3.0/gems/sqlite3-2.9.0/ports/arm64-apple-darwin24.6.0/sqlite3/3.51.1/lib -lsqlite3 -lz  -arch arm64  -lsqlite3  -lsqlite3 -lruby.3.3 -lsqlite3  -lsqlite3 -lpthread  "
ld: warning: ignoring duplicate libraries: '-lsqlite3'
Undefined symbols for architecture arm64:
  "_sqlite3_column_database_name", referenced from:
      _t in conftest-978eac.o
ld: symbol(s) not found for architecture arm64
clang: error: linker command failed with exit code 1 (use -v to see invocation)
checked program was:
/* begin */
 1: #include "ruby.h"
 2: 
 3: /*top*/
 4: extern int t(void);
 5: int main(int argc, char **argv)
 6: {
 7:   if (argc > 1000000) {
 8:     int (* volatile tp)(void)=(int (*)(void))&t;
 9:     printf("%d", (*tp)());
10:   }
11: 
12:   return !!argv[argc];
13: }
14: extern void sqlite3_column_database_name();
15: int t(void) { sqlite3_column_database_name(); return 0; }
/* end */

--------------------

have_func: checking for sqlite3_enable_load_extension()... -------------------- yes

DYLD_LIBRARY_PATH=.:/Users/yosefhamza/.local/share/mise/installs/ruby/3.3.10/lib "clang -o conftest -I/Users/yosefhamza/.local/share/mise/installs/ruby/3.3.10/include/ruby-3.3.0/arm64-darwin24 -I/Users/yosefhamza/.local/share/mise/installs/ruby/3.3.10/include/ruby-3.3.0/ruby/backward -I/Users/yosefhamza/.local/share/mise/installs/ruby/3.3.10/include/ruby-3.3.0 -I. -I/Users/yosefhamza/Repos/codetime/codetime-server/vendor/bundle/ruby/3.3.0/gems/sqlite3-2.9.0/ports/arm64-apple-darwin24.6.0/sqlite3/3.51.1/include -D_XOPEN_SOURCE -D_DARWIN_C_SOURCE -D_DARWIN_UNLIMITED_SELECT -D_REENTRANT   -DUSING_PACKAGED_LIBRARIES -fdeclspec -O3 -fno-fast-math -ggdb3 -Wall -Wextra -Wextra-tokens -Wdeprecated-declarations -Wdivision-by-zero -Wdiv-by-zero -Wimplicit-function-declaration -Wimplicit-int -Wpointer-arith -Wshorten-64-to-32 -Wwrite-strings -Wold-style-definition -Wmissing-noreturn -Wno-cast-function-type -Wno-constant-logical-operand -Wno-long-long -Wno-missing-field-initializers -Wno-overlength-strings -Wno-parentheses-equality -Wno-self-assign -Wno-tautological-compare -Wno-unused-parameter -Wno-unused-value -Wunused-variable -Wmisleading-indentation -Wundef -fno-common -pipe  -fvisibility=hidden conftest.c  -L. -L/Users/yosefhamza/.local/share/mise/installs/ruby/3.3.10/lib -L. -fstack-protector-strong -L/opt/homebrew/opt/gmp/lib -L/Users/yosefhamza/Repos/codetime/codetime-server/vendor/bundle/ruby/3.3.0/gems/sqlite3-2.9.0/ports/arm64-apple-darwin24.6.0/sqlite3/3.51.1/lib -L/Users/yosefhamza/Repos/codetime/codetime-server/vendor/bundle/ruby/3.3.0/gems/sqlite3-2.9.0/ports/arm64-apple-darwin24.6.0/sqlite3/3.51.1/lib -lsqlite3 -lz  -arch arm64  -lsqlite3  -lsqlite3 -lruby.3.3 -lsqlite3  -lsqlite3 -lpthread  "
conftest.c:14:57: error: use of undeclared identifier 'sqlite3_enable_load_extension'
   14 | int t(void) { void ((*volatile p)()); p = (void ((*)()))sqlite3_enable_load_extension; return !p; }
      |                                                         ^
1 error generated.
checked program was:
/* begin */
 1: #include "ruby.h"
 2: 
 3: /*top*/
 4: extern int t(void);
 5: int main(int argc, char **argv)
 6: {
 7:   if (argc > 1000000) {
 8:     int (* volatile tp)(void)=(int (*)(void))&t;
 9:     printf("%d", (*tp)());
10:   }
11: 
12:   return !!argv[argc];
13: }
14: int t(void) { void ((*volatile p)()); p = (void ((*)()))sqlite3_enable_load_extension; return !p; }
/* end */

DYLD_LIBRARY_PATH=.:/Users/yosefhamza/.local/share/mise/installs/ruby/3.3.10/lib "clang -o conftest -I/Users/yosefhamza/.local/share/mise/installs/ruby/3.3.10/include/ruby-3.3.0/arm64-darwin24 -I/Users/yosefhamza/.local/share/mise/installs/ruby/3.3.10/include/ruby-3.3.0/ruby/backward -I/Users/yosefhamza/.local/share/mise/installs/ruby/3.3.10/include/ruby-3.3.0 -I. -I/Users/yosefhamza/Repos/codetime/codetime-server/vendor/bundle/ruby/3.3.0/gems/sqlite3-2.9.0/ports/arm64-apple-darwin24.6.0/sqlite3/3.51.1/include -D_XOPEN_SOURCE -D_DARWIN_C_SOURCE -D_DARWIN_UNLIMITED_SELECT -D_REENTRANT   -DUSING_PACKAGED_LIBRARIES -fdeclspec -O3 -fno-fast-math -ggdb3 -Wall -Wextra -Wextra-tokens -Wdeprecated-declarations -Wdivision-by-zero -Wdiv-by-zero -Wimplicit-function-declaration -Wimplicit-int -Wpointer-arith -Wshorten-64-to-32 -Wwrite-strings -Wold-style-definition -Wmissing-noreturn -Wno-cast-function-type -Wno-constant-logical-operand -Wno-long-long -Wno-missing-field-initializers -Wno-overlength-strings -Wno-parentheses-equality -Wno-self-assign -Wno-tautological-compare -Wno-unused-parameter -Wno-unused-value -Wunused-variable -Wmisleading-indentation -Wundef -fno-common -pipe  -fvisibility=hidden conftest.c  -L. -L/Users/yosefhamza/.local/share/mise/installs/ruby/3.3.10/lib -L. -fstack-protector-strong -L/opt/homebrew/opt/gmp/lib -L/Users/yosefhamza/Repos/codetime/codetime-server/vendor/bundle/ruby/3.3.0/gems/sqlite3-2.9.0/ports/arm64-apple-darwin24.6.0/sqlite3/3.51.1/lib -L/Users/yosefhamza/Repos/codetime/codetime-server/vendor/bundle/ruby/3.3.0/gems/sqlite3-2.9.0/ports/arm64-apple-darwin24.6.0/sqlite3/3.51.1/lib -lsqlite3 -lz  -arch arm64  -lsqlite3  -lsqlite3 -lruby.3.3 -lsqlite3  -lsqlite3 -lpthread  "
ld: warning: ignoring duplicate libraries: '-lsqlite3'
checked program was:
/* begin */
 1: #include "ruby.h"
 2: 
 3: /*top*/
 4: extern int t(void);
 5: int main(int argc, char **argv)
 6: {
 7:   if (argc > 1000000) {
 8:     int (* volatile tp)(void)=(int (*)(void))&t;
 9:     printf("%d", (*tp)());
10:   }
11: 
12:   return !!argv[argc];
13: }
14: extern void sqlite3_enable_load_extension();
15: int t(void) { sqlite3_enable_load_extension(); return 0; }
/* end */

--------------------

have_func: checking for sqlite3_load_extension()... -------------------- yes

DYLD_LIBRARY_PATH=.:/Users/yosefhamza/.local/share/mise/installs/ruby/3.3.10/lib "clang -o conftest -I/Users/yosefhamza/.local/share/mise/installs/ruby/3.3.10/include/ruby-3.3.0/arm64-darwin24 -I/Users/yosefhamza/.local/share/mise/installs/ruby/3.3.10/include/ruby-3.3.0/ruby/backward -I/Users/yosefhamza/.local/share/mise/installs/ruby/3.3.10/include/ruby-3.3.0 -I. -I/Users/yosefhamza/Repos/codetime/codetime-server/vendor/bundle/ruby/3.3.0/gems/sqlite3-2.9.0/ports/arm64-apple-darwin24.6.0/sqlite3/3.51.1/include -D_XOPEN_SOURCE -D_DARWIN_C_SOURCE -D_DARWIN_UNLIMITED_SELECT -D_REENTRANT   -DUSING_PACKAGED_LIBRARIES -fdeclspec -O3 -fno-fast-math -ggdb3 -Wall -Wextra -Wextra-tokens -Wdeprecated-declarations -Wdivision-by-zero -Wdiv-by-zero -Wimplicit-function-declaration -Wimplicit-int -Wpointer-arith -Wshorten-64-to-32 -Wwrite-strings -Wold-style-definition -Wmissing-noreturn -Wno-cast-function-type -Wno-constant-logical-operand -Wno-long-long -Wno-missing-field-initializers -Wno-overlength-strings -Wno-parentheses-equality -Wno-self-assign -Wno-tautological-compare -Wno-unused-parameter -Wno-unused-value -Wunused-variable -Wmisleading-indentation -Wundef -fno-common -pipe  -fvisibility=hidden conftest.c  -L. -L/Users/yosefhamza/.local/share/mise/installs/ruby/3.3.10/lib -L. -fstack-protector-strong -L/opt/homebrew/opt/gmp/lib -L/Users/yosefhamza/Repos/codetime/codetime-server/vendor/bundle/ruby/3.3.0/gems/sqlite3-2.9.0/ports/arm64-apple-darwin24.6.0/sqlite3/3.51.1/lib -L/Users/yosefhamza/Repos/codetime/codetime-server/vendor/bundle/ruby/3.3.0/gems/sqlite3-2.9.0/ports/arm64-apple-darwin24.6.0/sqlite3/3.51.1/lib -lsqlite3 -lz  -arch arm64  -lsqlite3  -lsqlite3 -lruby.3.3 -lsqlite3  -lsqlite3 -lpthread  "
conftest.c:14:57: error: use of undeclared identifier 'sqlite3_load_extension'
   14 | int t(void) { void ((*volatile p)()); p = (void ((*)()))sqlite3_load_extension; return !p; }
      |                                                         ^
1 error generated.
checked program was:
/* begin */
 1: #include "ruby.h"
 2: 
 3: /*top*/
 4: extern int t(void);
 5: int main(int argc, char **argv)
 6: {
 7:   if (argc > 1000000) {
 8:     int (* volatile tp)(void)=(int (*)(void))&t;
 9:     printf("%d", (*tp)());
10:   }
11: 
12:   return !!argv[argc];
13: }
14: int t(void) { void ((*volatile p)()); p = (void ((*)()))sqlite3_load_extension; return !p; }
/* end */

DYLD_LIBRARY_PATH=.:/Users/yosefhamza/.local/share/mise/installs/ruby/3.3.10/lib "clang -o conftest -I/Users/yosefhamza/.local/share/mise/installs/ruby/3.3.10/include/ruby-3.3.0/arm64-darwin24 -I/Users/yosefhamza/.local/share/mise/installs/ruby/3.3.10/include/ruby-3.3.0/ruby/backward -I/Users/yosefhamza/.local/share/mise/installs/ruby/3.3.10/include/ruby-3.3.0 -I. -I/Users/yosefhamza/Repos/codetime/codetime-server/vendor/bundle/ruby/3.3.0/gems/sqlite3-2.9.0/ports/arm64-apple-darwin24.6.0/sqlite3/3.51.1/include -D_XOPEN_SOURCE -D_DARWIN_C_SOURCE -D_DARWIN_UNLIMITED_SELECT -D_REENTRANT   -DUSING_PACKAGED_LIBRARIES -fdeclspec -O3 -fno-fast-math -ggdb3 -Wall -Wextra -Wextra-tokens -Wdeprecated-declarations -Wdivision-by-zero -Wdiv-by-zero -Wimplicit-function-declaration -Wimplicit-int -Wpointer-arith -Wshorten-64-to-32 -Wwrite-strings -Wold-style-definition -Wmissing-noreturn -Wno-cast-function-type -Wno-constant-logical-operand -Wno-long-long -Wno-missing-field-initializers -Wno-overlength-strings -Wno-parentheses-equality -Wno-self-assign -Wno-tautological-compare -Wno-unused-parameter -Wno-unused-value -Wunused-variable -Wmisleading-indentation -Wundef -fno-common -pipe  -fvisibility=hidden conftest.c  -L. -L/Users/yosefhamza/.local/share/mise/installs/ruby/3.3.10/lib -L. -fstack-protector-strong -L/opt/homebrew/opt/gmp/lib -L/Users/yosefhamza/Repos/codetime/codetime-server/vendor/bundle/ruby/3.3.0/gems/sqlite3-2.9.0/ports/arm64-apple-darwin24.6.0/sqlite3/3.51.1/lib -L/Users/yosefhamza/Repos/codetime/codetime-server/vendor/bundle/ruby/3.3.0/gems/sqlite3-2.9.0/ports/arm64-apple-darwin24.6.0/sqlite3/3.51.1/lib -lsqlite3 -lz  -arch arm64  -lsqlite3  -lsqlite3 -lruby.3.3 -lsqlite3  -lsqlite3 -lpthread  "
ld: warning: ignoring duplicate libraries: '-lsqlite3'
checked program was:
/* begin */
 1: #include "ruby.h"
 2: 
 3: /*top*/
 4: extern int t(void);
 5: int main(int argc, char **argv)
 6: {
 7:   if (argc > 1000000) {
 8:     int (* volatile tp)(void)=(int (*)(void))&t;
 9:     printf("%d", (*tp)());
10:   }
11: 
12:   return !!argv[argc];
13: }
14: extern void sqlite3_load_extension();
15: int t(void) { sqlite3_load_extension(); return 0; }
/* end */

--------------------

have_func: checking for sqlite3_open_v2()... -------------------- yes

DYLD_LIBRARY_PATH=.:/Users/yosefhamza/.local/share/mise/installs/ruby/3.3.10/lib "clang -o conftest -I/Users/yosefhamza/.local/share/mise/installs/ruby/3.3.10/include/ruby-3.3.0/arm64-darwin24 -I/Users/yosefhamza/.local/share/mise/installs/ruby/3.3.10/include/ruby-3.3.0/ruby/backward -I/Users/yosefhamza/.local/share/mise/installs/ruby/3.3.10/include/ruby-3.3.0 -I. -I/Users/yosefhamza/Repos/codetime/codetime-server/vendor/bundle/ruby/3.3.0/gems/sqlite3-2.9.0/ports/arm64-apple-darwin24.6.0/sqlite3/3.51.1/include -D_XOPEN_SOURCE -D_DARWIN_C_SOURCE -D_DARWIN_UNLIMITED_SELECT -D_REENTRANT   -DUSING_PACKAGED_LIBRARIES -fdeclspec -O3 -fno-fast-math -ggdb3 -Wall -Wextra -Wextra-tokens -Wdeprecated-declarations -Wdivision-by-zero -Wdiv-by-zero -Wimplicit-function-declaration -Wimplicit-int -Wpointer-arith -Wshorten-64-to-32 -Wwrite-strings -Wold-style-definition -Wmissing-noreturn -Wno-cast-function-type -Wno-constant-logical-operand -Wno-long-long -Wno-missing-field-initializers -Wno-overlength-strings -Wno-parentheses-equality -Wno-self-assign -Wno-tautological-compare -Wno-unused-parameter -Wno-unused-value -Wunused-variable -Wmisleading-indentation -Wundef -fno-common -pipe  -fvisibility=hidden conftest.c  -L. -L/Users/yosefhamza/.local/share/mise/installs/ruby/3.3.10/lib -L. -fstack-protector-strong -L/opt/homebrew/opt/gmp/lib -L/Users/yosefhamza/Repos/codetime/codetime-server/vendor/bundle/ruby/3.3.0/gems/sqlite3-2.9.0/ports/arm64-apple-darwin24.6.0/sqlite3/3.51.1/lib -L/Users/yosefhamza/Repos/codetime/codetime-server/vendor/bundle/ruby/3.3.0/gems/sqlite3-2.9.0/ports/arm64-apple-darwin24.6.0/sqlite3/3.51.1/lib -lsqlite3 -lz  -arch arm64  -lsqlite3  -lsqlite3 -lruby.3.3 -lsqlite3  -lsqlite3 -lpthread  "
conftest.c:14:57: error: use of undeclared identifier 'sqlite3_open_v2'
   14 | int t(void) { void ((*volatile p)()); p = (void ((*)()))sqlite3_open_v2; return !p; }
      |                                                         ^
1 error generated.
checked program was:
/* begin */
 1: #include "ruby.h"
 2: 
 3: /*top*/
 4: extern int t(void);
 5: int main(int argc, char **argv)
 6: {
 7:   if (argc > 1000000) {
 8:     int (* volatile tp)(void)=(int (*)(void))&t;
 9:     printf("%d", (*tp)());
10:   }
11: 
12:   return !!argv[argc];
13: }
14: int t(void) { void ((*volatile p)()); p = (void ((*)()))sqlite3_open_v2; return !p; }
/* end */

DYLD_LIBRARY_PATH=.:/Users/yosefhamza/.local/share/mise/installs/ruby/3.3.10/lib "clang -o conftest -I/Users/yosefhamza/.local/share/mise/installs/ruby/3.3.10/include/ruby-3.3.0/arm64-darwin24 -I/Users/yosefhamza/.local/share/mise/installs/ruby/3.3.10/include/ruby-3.3.0/ruby/backward -I/Users/yosefhamza/.local/share/mise/installs/ruby/3.3.10/include/ruby-3.3.0 -I. -I/Users/yosefhamza/Repos/codetime/codetime-server/vendor/bundle/ruby/3.3.0/gems/sqlite3-2.9.0/ports/arm64-apple-darwin24.6.0/sqlite3/3.51.1/include -D_XOPEN_SOURCE -D_DARWIN_C_SOURCE -D_DARWIN_UNLIMITED_SELECT -D_REENTRANT   -DUSING_PACKAGED_LIBRARIES -fdeclspec -O3 -fno-fast-math -ggdb3 -Wall -Wextra -Wextra-tokens -Wdeprecated-declarations -Wdivision-by-zero -Wdiv-by-zero -Wimplicit-function-declaration -Wimplicit-int -Wpointer-arith -Wshorten-64-to-32 -Wwrite-strings -Wold-style-definition -Wmissing-noreturn -Wno-cast-function-type -Wno-constant-logical-operand -Wno-long-long -Wno-missing-field-initializers -Wno-overlength-strings -Wno-parentheses-equality -Wno-self-assign -Wno-tautological-compare -Wno-unused-parameter -Wno-unused-value -Wunused-variable -Wmisleading-indentation -Wundef -fno-common -pipe  -fvisibility=hidden conftest.c  -L. -L/Users/yosefhamza/.local/share/mise/installs/ruby/3.3.10/lib -L. -fstack-protector-strong -L/opt/homebrew/opt/gmp/lib -L/Users/yosefhamza/Repos/codetime/codetime-server/vendor/bundle/ruby/3.3.0/gems/sqlite3-2.9.0/ports/arm64-apple-darwin24.6.0/sqlite3/3.51.1/lib -L/Users/yosefhamza/Repos/codetime/codetime-server/vendor/bundle/ruby/3.3.0/gems/sqlite3-2.9.0/ports/arm64-apple-darwin24.6.0/sqlite3/3.51.1/lib -lsqlite3 -lz  -arch arm64  -lsqlite3  -lsqlite3 -lruby.3.3 -lsqlite3  -lsqlite3 -lpthread  "
ld: warning: ignoring duplicate libraries: '-lsqlite3'
checked program was:
/* begin */
 1: #include "ruby.h"
 2: 
 3: /*top*/
 4: extern int t(void);
 5: int main(int argc, char **argv)
 6: {
 7:   if (argc > 1000000) {
 8:     int (* volatile tp)(void)=(int (*)(void))&t;
 9:     printf("%d", (*tp)());
10:   }
11: 
12:   return !!argv[argc];
13: }
14: extern void sqlite3_open_v2();
15: int t(void) { sqlite3_open_v2(); return 0; }
/* end */

--------------------

have_func: checking for sqlite3_prepare_v2()... -------------------- yes

DYLD_LIBRARY_PATH=.:/Users/yosefhamza/.local/share/mise/installs/ruby/3.3.10/lib "clang -o conftest -I/Users/yosefhamza/.local/share/mise/installs/ruby/3.3.10/include/ruby-3.3.0/arm64-darwin24 -I/Users/yosefhamza/.local/share/mise/installs/ruby/3.3.10/include/ruby-3.3.0/ruby/backward -I/Users/yosefhamza/.local/share/mise/installs/ruby/3.3.10/include/ruby-3.3.0 -I. -I/Users/yosefhamza/Repos/codetime/codetime-server/vendor/bundle/ruby/3.3.0/gems/sqlite3-2.9.0/ports/arm64-apple-darwin24.6.0/sqlite3/3.51.1/include -D_XOPEN_SOURCE -D_DARWIN_C_SOURCE -D_DARWIN_UNLIMITED_SELECT -D_REENTRANT   -DUSING_PACKAGED_LIBRARIES -fdeclspec -O3 -fno-fast-math -ggdb3 -Wall -Wextra -Wextra-tokens -Wdeprecated-declarations -Wdivision-by-zero -Wdiv-by-zero -Wimplicit-function-declaration -Wimplicit-int -Wpointer-arith -Wshorten-64-to-32 -Wwrite-strings -Wold-style-definition -Wmissing-noreturn -Wno-cast-function-type -Wno-constant-logical-operand -Wno-long-long -Wno-missing-field-initializers -Wno-overlength-strings -Wno-parentheses-equality -Wno-self-assign -Wno-tautological-compare -Wno-unused-parameter -Wno-unused-value -Wunused-variable -Wmisleading-indentation -Wundef -fno-common -pipe  -fvisibility=hidden conftest.c  -L. -L/Users/yosefhamza/.local/share/mise/installs/ruby/3.3.10/lib -L. -fstack-protector-strong -L/opt/homebrew/opt/gmp/lib -L/Users/yosefhamza/Repos/codetime/codetime-server/vendor/bundle/ruby/3.3.0/gems/sqlite3-2.9.0/ports/arm64-apple-darwin24.6.0/sqlite3/3.51.1/lib -L/Users/yosefhamza/Repos/codetime/codetime-server/vendor/bundle/ruby/3.3.0/gems/sqlite3-2.9.0/ports/arm64-apple-darwin24.6.0/sqlite3/3.51.1/lib -lsqlite3 -lz  -arch arm64  -lsqlite3  -lsqlite3 -lruby.3.3 -lsqlite3  -lsqlite3 -lpthread  "
conftest.c:14:57: error: use of undeclared identifier 'sqlite3_prepare_v2'
   14 | int t(void) { void ((*volatile p)()); p = (void ((*)()))sqlite3_prepare_v2; return !p; }
      |                                                         ^
1 error generated.
checked program was:
/* begin */
 1: #include "ruby.h"
 2: 
 3: /*top*/
 4: extern int t(void);
 5: int main(int argc, char **argv)
 6: {
 7:   if (argc > 1000000) {
 8:     int (* volatile tp)(void)=(int (*)(void))&t;
 9:     printf("%d", (*tp)());
10:   }
11: 
12:   return !!argv[argc];
13: }
14: int t(void) { void ((*volatile p)()); p = (void ((*)()))sqlite3_prepare_v2; return !p; }
/* end */

DYLD_LIBRARY_PATH=.:/Users/yosefhamza/.local/share/mise/installs/ruby/3.3.10/lib "clang -o conftest -I/Users/yosefhamza/.local/share/mise/installs/ruby/3.3.10/include/ruby-3.3.0/arm64-darwin24 -I/Users/yosefhamza/.local/share/mise/installs/ruby/3.3.10/include/ruby-3.3.0/ruby/backward -I/Users/yosefhamza/.local/share/mise/installs/ruby/3.3.10/include/ruby-3.3.0 -I. -I/Users/yosefhamza/Repos/codetime/codetime-server/vendor/bundle/ruby/3.3.0/gems/sqlite3-2.9.0/ports/arm64-apple-darwin24.6.0/sqlite3/3.51.1/include -D_XOPEN_SOURCE -D_DARWIN_C_SOURCE -D_DARWIN_UNLIMITED_SELECT -D_REENTRANT   -DUSING_PACKAGED_LIBRARIES -fdeclspec -O3 -fno-fast-math -ggdb3 -Wall -Wextra -Wextra-tokens -Wdeprecated-declarations -Wdivision-by-zero -Wdiv-by-zero -Wimplicit-function-declaration -Wimplicit-int -Wpointer-arith -Wshorten-64-to-32 -Wwrite-strings -Wold-style-definition -Wmissing-noreturn -Wno-cast-function-type -Wno-constant-logical-operand -Wno-long-long -Wno-missing-field-initializers -Wno-overlength-strings -Wno-parentheses-equality -Wno-self-assign -Wno-tautological-compare -Wno-unused-parameter -Wno-unused-value -Wunused-variable -Wmisleading-indentation -Wundef -fno-common -pipe  -fvisibility=hidden conftest.c  -L. -L/Users/yosefhamza/.local/share/mise/installs/ruby/3.3.10/lib -L. -fstack-protector-strong -L/opt/homebrew/opt/gmp/lib -L/Users/yosefhamza/Repos/codetime/codetime-server/vendor/bundle/ruby/3.3.0/gems/sqlite3-2.9.0/ports/arm64-apple-darwin24.6.0/sqlite3/3.51.1/lib -L/Users/yosefhamza/Repos/codetime/codetime-server/vendor/bundle/ruby/3.3.0/gems/sqlite3-2.9.0/ports/arm64-apple-darwin24.6.0/sqlite3/3.51.1/lib -lsqlite3 -lz  -arch arm64  -lsqlite3  -lsqlite3 -lruby.3.3 -lsqlite3  -lsqlite3 -lpthread  "
ld: warning: ignoring duplicate libraries: '-lsqlite3'
checked program was:
/* begin */
 1: #include "ruby.h"
 2: 
 3: /*top*/
 4: extern int t(void);
 5: int main(int argc, char **argv)
 6: {
 7:   if (argc > 1000000) {
 8:     int (* volatile tp)(void)=(int (*)(void))&t;
 9:     printf("%d", (*tp)());
10:   }
11: 
12:   return !!argv[argc];
13: }
14: extern void sqlite3_prepare_v2();
15: int t(void) { sqlite3_prepare_v2(); return 0; }
/* end */

--------------------

have_func: checking for sqlite3_db_name() in sqlite3.h... -------------------- yes

DYLD_LIBRARY_PATH=.:/Users/yosefhamza/.local/share/mise/installs/ruby/3.3.10/lib "clang -o conftest -I/Users/yosefhamza/.local/share/mise/installs/ruby/3.3.10/include/ruby-3.3.0/arm64-darwin24 -I/Users/yosefhamza/.local/share/mise/installs/ruby/3.3.10/include/ruby-3.3.0/ruby/backward -I/Users/yosefhamza/.local/share/mise/installs/ruby/3.3.10/include/ruby-3.3.0 -I. -I/Users/yosefhamza/Repos/codetime/codetime-server/vendor/bundle/ruby/3.3.0/gems/sqlite3-2.9.0/ports/arm64-apple-darwin24.6.0/sqlite3/3.51.1/include -D_XOPEN_SOURCE -D_DARWIN_C_SOURCE -D_DARWIN_UNLIMITED_SELECT -D_REENTRANT   -DUSING_PACKAGED_LIBRARIES -fdeclspec -O3 -fno-fast-math -ggdb3 -Wall -Wextra -Wextra-tokens -Wdeprecated-declarations -Wdivision-by-zero -Wdiv-by-zero -Wimplicit-function-declaration -Wimplicit-int -Wpointer-arith -Wshorten-64-to-32 -Wwrite-strings -Wold-style-definition -Wmissing-noreturn -Wno-cast-function-type -Wno-constant-logical-operand -Wno-long-long -Wno-missing-field-initializers -Wno-overlength-strings -Wno-parentheses-equality -Wno-self-assign -Wno-tautological-compare -Wno-unused-parameter -Wno-unused-value -Wunused-variable -Wmisleading-indentation -Wundef -fno-common -pipe  -fvisibility=hidden conftest.c  -L. -L/Users/yosefhamza/.local/share/mise/installs/ruby/3.3.10/lib -L. -fstack-protector-strong -L/opt/homebrew/opt/gmp/lib -L/Users/yosefhamza/Repos/codetime/codetime-server/vendor/bundle/ruby/3.3.0/gems/sqlite3-2.9.0/ports/arm64-apple-darwin24.6.0/sqlite3/3.51.1/lib -L/Users/yosefhamza/Repos/codetime/codetime-server/vendor/bundle/ruby/3.3.0/gems/sqlite3-2.9.0/ports/arm64-apple-darwin24.6.0/sqlite3/3.51.1/lib -lsqlite3 -lz  -arch arm64  -lsqlite3  -lsqlite3 -lruby.3.3 -lsqlite3  -lsqlite3 -lpthread  "
ld: warning: ignoring duplicate libraries: '-lsqlite3'
checked program was:
/* begin */
 1: #include "ruby.h"
 2: 
 3: #include <sqlite3.h>
 4: 
 5: /*top*/
 6: extern int t(void);
 7: int main(int argc, char **argv)
 8: {
 9:   if (argc > 1000000) {
10:     int (* volatile tp)(void)=(int (*)(void))&t;
11:     printf("%d", (*tp)());
12:   }
13: 
14:   return !!argv[argc];
15: }
16: int t(void) { void ((*volatile p)()); p = (void ((*)()))sqlite3_db_name; return !p; }
/* end */

--------------------

have_func: checking for sqlite3_error_offset() in sqlite3.h... -------------------- yes

DYLD_LIBRARY_PATH=.:/Users/yosefhamza/.local/share/mise/installs/ruby/3.3.10/lib "clang -o conftest -I/Users/yosefhamza/.local/share/mise/installs/ruby/3.3.10/include/ruby-3.3.0/arm64-darwin24 -I/Users/yosefhamza/.local/share/mise/installs/ruby/3.3.10/include/ruby-3.3.0/ruby/backward -I/Users/yosefhamza/.local/share/mise/installs/ruby/3.3.10/include/ruby-3.3.0 -I. -I/Users/yosefhamza/Repos/codetime/codetime-server/vendor/bundle/ruby/3.3.0/gems/sqlite3-2.9.0/ports/arm64-apple-darwin24.6.0/sqlite3/3.51.1/include -D_XOPEN_SOURCE -D_DARWIN_C_SOURCE -D_DARWIN_UNLIMITED_SELECT -D_REENTRANT   -DUSING_PACKAGED_LIBRARIES -fdeclspec -O3 -fno-fast-math -ggdb3 -Wall -Wextra -Wextra-tokens -Wdeprecated-declarations -Wdivision-by-zero -Wdiv-by-zero -Wimplicit-function-declaration -Wimplicit-int -Wpointer-arith -Wshorten-64-to-32 -Wwrite-strings -Wold-style-definition -Wmissing-noreturn -Wno-cast-function-type -Wno-constant-logical-operand -Wno-long-long -Wno-missing-field-initializers -Wno-overlength-strings -Wno-parentheses-equality -Wno-self-assign -Wno-tautological-compare -Wno-unused-parameter -Wno-unused-value -Wunused-variable -Wmisleading-indentation -Wundef -fno-common -pipe  -fvisibility=hidden conftest.c  -L. -L/Users/yosefhamza/.local/share/mise/installs/ruby/3.3.10/lib -L. -fstack-protector-strong -L/opt/homebrew/opt/gmp/lib -L/Users/yosefhamza/Repos/codetime/codetime-server/vendor/bundle/ruby/3.3.0/gems/sqlite3-2.9.0/ports/arm64-apple-darwin24.6.0/sqlite3/3.51.1/lib -L/Users/yosefhamza/Repos/codetime/codetime-server/vendor/bundle/ruby/3.3.0/gems/sqlite3-2.9.0/ports/arm64-apple-darwin24.6.0/sqlite3/3.51.1/lib -lsqlite3 -lz  -arch arm64  -lsqlite3  -lsqlite3 -lruby.3.3 -lsqlite3  -lsqlite3 -lpthread  "
ld: warning: ignoring duplicate libraries: '-lsqlite3'
checked program was:
/* begin */
 1: #include "ruby.h"
 2: 
 3: #include <sqlite3.h>
 4: 
 5: /*top*/
 6: extern int t(void);
 7: int main(int argc, char **argv)
 8: {
 9:   if (argc > 1000000) {
10:     int (* volatile tp)(void)=(int (*)(void))&t;
11:     printf("%d", (*tp)());
12:   }
13: 
14:   return !!argv[argc];
15: }
16: int t(void) { void ((*volatile p)()); p = (void ((*)()))sqlite3_error_offset; return !p; }
/* end */

--------------------

have_type: checking for sqlite3_int64 in sqlite3.h... -------------------- yes

DYLD_LIBRARY_PATH=.:/Users/yosefhamza/.local/share/mise/installs/ruby/3.3.10/lib "clang -I/Users/yosefhamza/.local/share/mise/installs/ruby/3.3.10/include/ruby-3.3.0/arm64-darwin24 -I/Users/yosefhamza/.local/share/mise/installs/ruby/3.3.10/include/ruby-3.3.0/ruby/backward -I/Users/yosefhamza/.local/share/mise/installs/ruby/3.3.10/include/ruby-3.3.0 -I. -I/Users/yosefhamza/Repos/codetime/codetime-server/vendor/bundle/ruby/3.3.0/gems/sqlite3-2.9.0/ports/arm64-apple-darwin24.6.0/sqlite3/3.51.1/include -D_XOPEN_SOURCE -D_DARWIN_C_SOURCE -D_DARWIN_UNLIMITED_SELECT -D_REENTRANT   -DUSING_PACKAGED_LIBRARIES -fdeclspec -O3 -fno-fast-math -ggdb3 -Wall -Wextra -Wextra-tokens -Wdeprecated-declarations -Wdivision-by-zero -Wdiv-by-zero -Wimplicit-function-declaration -Wimplicit-int -Wpointer-arith -Wshorten-64-to-32 -Wwrite-strings -Wold-style-definition -Wmissing-noreturn -Wno-cast-function-type -Wno-constant-logical-operand -Wno-long-long -Wno-missing-field-initializers -Wno-overlength-strings -Wno-parentheses-equality -Wno-self-assign -Wno-tautological-compare -Wno-unused-parameter -Wno-unused-value -Wunused-variable -Wmisleading-indentation -Wundef -fno-common -pipe  -fvisibility=hidden -arch arm64  -c conftest.c"
checked program was:
/* begin */
1: #include "ruby.h"
2: 
3: #include <sqlite3.h>
4: 
5: /*top*/
6: typedef sqlite3_int64 conftest_type;
7: int conftestval[sizeof(conftest_type)?1:-1];
/* end */

--------------------

have_type: checking for sqlite3_uint64 in sqlite3.h... -------------------- yes

DYLD_LIBRARY_PATH=.:/Users/yosefhamza/.local/share/mise/installs/ruby/3.3.10/lib "clang -I/Users/yosefhamza/.local/share/mise/installs/ruby/3.3.10/include/ruby-3.3.0/arm64-darwin24 -I/Users/yosefhamza/.local/share/mise/installs/ruby/3.3.10/include/ruby-3.3.0/ruby/backward -I/Users/yosefhamza/.local/share/mise/installs/ruby/3.3.10/include/ruby-3.3.0 -I. -I/Users/yosefhamza/Repos/codetime/codetime-server/vendor/bundle/ruby/3.3.0/gems/sqlite3-2.9.0/ports/arm64-apple-darwin24.6.0/sqlite3/3.51.1/include -D_XOPEN_SOURCE -D_DARWIN_C_SOURCE -D_DARWIN_UNLIMITED_SELECT -D_REENTRANT   -DUSING_PACKAGED_LIBRARIES -fdeclspec -O3 -fno-fast-math -ggdb3 -Wall -Wextra -Wextra-tokens -Wdeprecated-declarations -Wdivision-by-zero -Wdiv-by-zero -Wimplicit-function-declaration -Wimplicit-int -Wpointer-arith -Wshorten-64-to-32 -Wwrite-strings -Wold-style-definition -Wmissing-noreturn -Wno-cast-function-type -Wno-constant-logical-operand -Wno-long-long -Wno-missing-field-initializers -Wno-overlength-strings -Wno-parentheses-equality -Wno-self-assign -Wno-tautological-compare -Wno-unused-parameter -Wno-unused-value -Wunused-variable -Wmisleading-indentation -Wundef -fno-common -pipe  -fvisibility=hidden -arch arm64  -c conftest.c"
checked program was:
/* begin */
1: #include "ruby.h"
2: 
3: #include <sqlite3.h>
4: 
5: /*top*/
6: typedef sqlite3_uint64 conftest_type;
7: int conftestval[sizeof(conftest_type)?1:-1];
/* end */

--------------------

